{
  "stats": {
    "suites": 2,
    "tests": 7,
    "passes": 6,
    "pending": 0,
    "failures": 1,
    "start": "2022-10-22T08:01:50.577Z",
    "end": "2022-10-22T08:01:58.947Z",
    "duration": 8370,
    "testsRegistered": 7,
    "passPercent": 85.71428571428571,
    "pendingPercent": 0,
    "other": 0,
    "hasOther": false,
    "skipped": 0,
    "hasSkipped": false
  },
  "results": [
    {
      "uuid": "e7b3dbbf-c870-464e-902b-31b0ee40df8b",
      "title": "",
      "fullFile": "cypress/e2e/1-getting-started/todo.cy.js",
      "file": "cypress/e2e/1-getting-started/todo.cy.js",
      "beforeHooks": [],
      "afterHooks": [],
      "tests": [],
      "suites": [
        {
          "uuid": "844e4257-540c-4e33-a0eb-bc8afa608a4d",
          "title": "example to-do app",
          "fullFile": "",
          "file": "",
          "beforeHooks": [],
          "afterHooks": [],
          "tests": [
            {
              "title": "displays two todo items by default",
              "fullTitle": "example to-do app displays two todo items by default",
              "timedOut": null,
              "duration": 1329,
              "state": "passed",
              "speed": "fast",
              "pass": true,
              "fail": false,
              "pending": false,
              "context": null,
              "code": "// We use the `cy.get()` command to get all elements that match the selector.\n// Then, we use `should` to assert that there are two matched items,\n// which are the two default items.\ncy.get(\".todo-list li\").should(\"have.length\", 2); // We can go even further and check that the default todos each contain\n// the correct text. We use the `first` and `last` functions\n// to get just the first and last matched elements individually,\n// and then perform an assertion with `should`.\ncy.get(\".todo-list li\").first().should(\"have.text\", \"Pay electric bill\");\ncy.get(\".todo-list li\").last().should(\"have.text\", \"Walk the dog\");",
              "err": {},
              "uuid": "b6d6f1d7-50d8-42f1-bcb5-2ed4c1bfd700",
              "parentUUID": "844e4257-540c-4e33-a0eb-bc8afa608a4d",
              "isHook": false,
              "skipped": false
            },
            {
              "title": "can add new todo items",
              "fullTitle": "example to-do app can add new todo items",
              "timedOut": null,
              "duration": 633,
              "state": "passed",
              "speed": "fast",
              "pass": true,
              "fail": false,
              "pending": false,
              "context": null,
              "code": "// We'll store our item text in a variable so we can reuse it\nconst newItem = \"Feed the cat\"; // Let's get the input element and use the `type` command to\n// input our new list item. After typing the content of our item,\n// we need to type the enter key as well in order to submit the input.\n// This input has a data-test attribute so we'll use that to select the\n// element in accordance with best practices:\n// https://on.cypress.io/selecting-elements\ncy.get(\"[data-test=new-todo]\").type(`${newItem}{enter}`); // Now that we've typed our new item, let's check that it actually was added to the list.\n// Since it's the newest item, it should exist as the last element in the list.\n// In addition, with the two default items, we should have a total of 3 elements in the list.\n// Since assertions yield the element that was asserted on,\n// we can chain both of these assertions together into a single statement.\ncy.get(\".todo-list li\").should(\"have.length\", 3).last().should(\"have.text\", newItem);",
              "err": {},
              "uuid": "36e90979-0890-435a-aeba-650e118d6f9a",
              "parentUUID": "844e4257-540c-4e33-a0eb-bc8afa608a4d",
              "isHook": false,
              "skipped": false
            },
            {
              "title": "can check off an item as completed",
              "fullTitle": "example to-do app can check off an item as completed",
              "timedOut": null,
              "duration": 386,
              "state": "passed",
              "speed": "fast",
              "pass": true,
              "fail": false,
              "pending": false,
              "context": null,
              "code": "// In addition to using the `get` command to get an element by selector,\n// we can also use the `contains` command to get an element by its contents.\n// However, this will yield the <label>, which is lowest-level element that contains the text.\n// In order to check the item, we'll find the <input> element for this <label>\n// by traversing up the dom to the parent element. From there, we can `find`\n// the child checkbox <input> element and use the `check` command to check it.\ncy.contains(\"Pay electric bill\").parent().find(\"input[type=checkbox]\").check(); // Now that we've checked the button, we can go ahead and make sure\n// that the list element is now marked as completed.\n// Again we'll use `contains` to find the <label> element and then use the `parents` command\n// to traverse multiple levels up the dom until we find the corresponding <li> element.\n// Once we get that element, we can assert that it has the completed class.\ncy.contains(\"Pay electric bill\").parents(\"li\").should(\"have.class\", \"completed\");",
              "err": {},
              "uuid": "6cabae74-3867-4f25-9e3a-d641ce1619ee",
              "parentUUID": "844e4257-540c-4e33-a0eb-bc8afa608a4d",
              "isHook": false,
              "skipped": false
            }
          ],
          "suites": [
            {
              "uuid": "8d204128-99b2-41ec-9b7d-76a3d80dba5d",
              "title": "with a checked task",
              "fullFile": "",
              "file": "",
              "beforeHooks": [],
              "afterHooks": [],
              "tests": [
                {
                  "title": "hello",
                  "fullTitle": "example to-do app with a checked task hello",
                  "timedOut": null,
                  "duration": 673,
                  "state": "failed",
                  "speed": null,
                  "pass": false,
                  "fail": true,
                  "pending": false,
                  "context": null,
                  "code": "cy.hi1();",
                  "err": {
                    "message": "TypeError: cy.hi1 is not a function",
                    "estack": "TypeError: cy.hi1 is not a function\n    at Context.eval (webpack:///./cypress/e2e/1-getting-started/todo.cy.js:94:9)",
                    "diff": null
                  },
                  "uuid": "4f02aba0-23ba-4682-ac9c-7bea01443562",
                  "parentUUID": "8d204128-99b2-41ec-9b7d-76a3d80dba5d",
                  "isHook": false,
                  "skipped": false
                },
                {
                  "title": "can filter for uncompleted tasks",
                  "fullTitle": "example to-do app with a checked task can filter for uncompleted tasks",
                  "timedOut": null,
                  "duration": 541,
                  "state": "passed",
                  "speed": "fast",
                  "pass": true,
                  "fail": false,
                  "pending": false,
                  "context": null,
                  "code": "// We'll click on the \"active\" button n order to\n// display only incomplete items\ncy.contains(\"Active\").click(); // After filtering, we can assert that there is only the one\n// incomplete item in the list.\ncy.get(\".todo-list li\").should(\"have.length\", 1).first().should(\"have.text\", \"Walk the dog\"); // For good measure, let's also assert that the task we checked off\n// does not exist on the page.\ncy.contains(\"Pay electric bill\").should(\"not.exist\");",
                  "err": {},
                  "uuid": "896c3b0a-720c-4b3c-b0c7-198787c06a6d",
                  "parentUUID": "8d204128-99b2-41ec-9b7d-76a3d80dba5d",
                  "isHook": false,
                  "skipped": false
                },
                {
                  "title": "can filter for completed tasks",
                  "fullTitle": "example to-do app with a checked task can filter for completed tasks",
                  "timedOut": null,
                  "duration": 510,
                  "state": "passed",
                  "speed": "fast",
                  "pass": true,
                  "fail": false,
                  "pending": false,
                  "context": null,
                  "code": "// We can perform similar steps as the test above to ensure\n// that only completed tasks are shown\ncy.contains(\"Completed\").click();\ncy.get(\".todo-list li\").should(\"have.length\", 1).first().should(\"have.text\", \"Pay electric bill\");\ncy.contains(\"Walk the dog\").should(\"not.exist\");",
                  "err": {},
                  "uuid": "b74ad995-6c99-493d-a335-062d668770c7",
                  "parentUUID": "8d204128-99b2-41ec-9b7d-76a3d80dba5d",
                  "isHook": false,
                  "skipped": false
                },
                {
                  "title": "can delete all completed tasks",
                  "fullTitle": "example to-do app with a checked task can delete all completed tasks",
                  "timedOut": null,
                  "duration": 447,
                  "state": "passed",
                  "speed": "fast",
                  "pass": true,
                  "fail": false,
                  "pending": false,
                  "context": null,
                  "code": "// First, let's click the \"Clear completed\" button\n// `contains` is actually serving two purposes here.\n// First, it's ensuring that the button exists within the dom.\n// This button only appears when at least one task is checked\n// so this command is implicitly verifying that it does exist.\n// Second, it selects the button so we can click it.\ncy.contains(\"Clear completed\").click(); // Then we can make sure that there is only one element\n// in the list and our element does not exist\ncy.get(\".todo-list li\").should(\"have.length\", 1).should(\"not.have.text\", \"Pay electric bill\"); // Finally, make sure that the clear button no longer exists.\ncy.contains(\"Clear completed\").should(\"not.exist\");",
                  "err": {},
                  "uuid": "1a3066bb-7ab9-433b-b6a6-dc9566e60251",
                  "parentUUID": "8d204128-99b2-41ec-9b7d-76a3d80dba5d",
                  "isHook": false,
                  "skipped": false
                }
              ],
              "suites": [],
              "passes": [
                "896c3b0a-720c-4b3c-b0c7-198787c06a6d",
                "b74ad995-6c99-493d-a335-062d668770c7",
                "1a3066bb-7ab9-433b-b6a6-dc9566e60251"
              ],
              "failures": [
                "4f02aba0-23ba-4682-ac9c-7bea01443562"
              ],
              "pending": [],
              "skipped": [],
              "duration": 2171,
              "root": false,
              "rootEmpty": false,
              "_timeout": 2000
            }
          ],
          "passes": [
            "b6d6f1d7-50d8-42f1-bcb5-2ed4c1bfd700",
            "36e90979-0890-435a-aeba-650e118d6f9a",
            "6cabae74-3867-4f25-9e3a-d641ce1619ee"
          ],
          "failures": [],
          "pending": [],
          "skipped": [],
          "duration": 2348,
          "root": false,
          "rootEmpty": false,
          "_timeout": 2000
        }
      ],
      "passes": [],
      "failures": [],
      "pending": [],
      "skipped": [],
      "duration": 0,
      "root": true,
      "rootEmpty": true,
      "_timeout": 2000
    }
  ],
  "meta": {
    "mocha": {
      "version": "7.0.1"
    },
    "mochawesome": {
      "options": {
        "quiet": false,
        "reportFilename": "[status]-[datetime]-[name]-report",
        "saveHtml": true,
        "saveJson": true,
        "consoleReporter": "spec",
        "useInlineDiffs": false,
        "code": true
      },
      "version": "7.1.3"
    },
    "marge": {
      "options": {
        "reportDir": "cypress/reports/mocha",
        "reportFilename": "[status]-[datetime]-[name]-report",
        "overwrite": false,
        "html": true,
        "json": true
      },
      "version": "6.2.0"
    }
  }
}