{
  "stats": {
    "suites": 2,
    "tests": 6,
    "passes": 6,
    "pending": 0,
    "failures": 0,
    "start": "2022-10-29T09:38:50.594Z",
    "end": "2022-10-29T09:39:15.397Z",
    "duration": 24803,
    "testsRegistered": 6,
    "passPercent": 100,
    "pendingPercent": 0,
    "other": 0,
    "hasOther": false,
    "skipped": 0,
    "hasSkipped": false
  },
  "results": [
    {
      "uuid": "bb790d06-1882-40c3-8352-36d9868af9f5",
      "title": "",
      "fullFile": "cypress/e2e/1-getting-started/todo.cy.js",
      "file": "cypress/e2e/1-getting-started/todo.cy.js",
      "beforeHooks": [],
      "afterHooks": [],
      "tests": [],
      "suites": [
        {
          "uuid": "b335ce21-0d01-41ad-be73-caaba0a98d68",
          "title": "example to-do app",
          "fullFile": "",
          "file": "",
          "beforeHooks": [],
          "afterHooks": [],
          "tests": [
            {
              "title": "displays two todo items by default",
              "fullTitle": "example to-do app displays two todo items by default",
              "timedOut": null,
              "duration": 8803,
              "state": "passed",
              "speed": "medium",
              "pass": true,
              "fail": false,
              "pending": false,
              "context": null,
              "code": "cy.eyesCheckWindow({\n  tag: \"Login page\",\n  target: \"window\",\n  fully: true\n}); // We use the `cy.get()` command to get all elements that match the selector.\n// Then, we use `should` to assert that there are two matched items,\n// which are the two default items.\ncy.get(\".todo-list li\").should(\"have.length\", 2); // We can go even further and check that the default todos each contain\n// the correct text. We use the `first` and `last` functions\n// to get just the first and last matched elements individually,\n// and then perform an assertion with `should`.\ncy.get(\".todo-list li\").first().should(\"have.text\", \"Pay electric bill\");\ncy.get(\".todo-list li\").last().should(\"have.text\", \"Walk the dog\");\ncy.eyesCheckWindow({\n  tag: \"Main page\",\n  target: \"window\",\n  fully: true,\n  matchLevel: \"Layout\"\n});",
              "err": {},
              "uuid": "012b42ef-4ae5-4ec3-b61e-067c1bbc863f",
              "parentUUID": "b335ce21-0d01-41ad-be73-caaba0a98d68",
              "isHook": false,
              "skipped": false
            },
            {
              "title": "can add new todo items",
              "fullTitle": "example to-do app can add new todo items",
              "timedOut": null,
              "duration": 3871,
              "state": "passed",
              "speed": "fast",
              "pass": true,
              "fail": false,
              "pending": false,
              "context": null,
              "code": "// We'll store our item text in a variable so we can reuse it\nconst newItem = \"Feed the cat\"; // Let's get the input element and use the `type` command to\n// input our new list item. After typing the content of our item,\n// we need to type the enter key as well in order to submit the input.\n// This input has a data-test attribute so we'll use that to select the\n// element in accordance with best practices:\n// https://on.cypress.io/selecting-elements\ncy.get(\"[data-test=new-todo]\").type(`${newItem}{enter}`); // Now that we've typed our new item, let's check that it actually was added to the list.\n// Since it's the newest item, it should exist as the last element in the list.\n// In addition, with the two default items, we should have a total of 3 elements in the list.\n// Since assertions yield the element that was asserted on,\n// we can chain both of these assertions together into a single statement.\ncy.get(\".todo-list li\").should(\"have.length\", 3).last().should(\"have.text\", newItem);",
              "err": {},
              "uuid": "17fc3d2b-355b-43ac-b11e-8e6aaab74256",
              "parentUUID": "b335ce21-0d01-41ad-be73-caaba0a98d68",
              "isHook": false,
              "skipped": false
            },
            {
              "title": "can check off an item as completed",
              "fullTitle": "example to-do app can check off an item as completed",
              "timedOut": null,
              "duration": 2182,
              "state": "passed",
              "speed": "fast",
              "pass": true,
              "fail": false,
              "pending": false,
              "context": null,
              "code": "// In addition to using the `get` command to get an element by selector,\n// we can also use the `contains` command to get an element by its contents.\n// However, this will yield the <label>, which is lowest-level element that contains the text.\n// In order to check the item, we'll find the <input> element for this <label>\n// by traversing up the dom to the parent element. From there, we can `find`\n// the child checkbox <input> element and use the `check` command to check it.\ncy.contains(\"Pay electric bill\").parent().find(\"input[type=checkbox]\").check(); // Now that we've checked the button, we can go ahead and make sure\n// that the list element is now marked as completed.\n// Again we'll use `contains` to find the <label> element and then use the `parents` command\n// to traverse multiple levels up the dom until we find the corresponding <li> element.\n// Once we get that element, we can assert that it has the completed class.\ncy.contains(\"Pay electric bill\").parents(\"li\").should(\"have.class\", \"completed\");",
              "err": {},
              "uuid": "eeaae702-5fa2-4ca1-9e95-50c4e6e59ed6",
              "parentUUID": "b335ce21-0d01-41ad-be73-caaba0a98d68",
              "isHook": false,
              "skipped": false
            }
          ],
          "suites": [
            {
              "uuid": "9eb6a650-9bf7-48ad-9edf-38764f7964fd",
              "title": "with a checked task",
              "fullFile": "",
              "file": "",
              "beforeHooks": [],
              "afterHooks": [],
              "tests": [
                {
                  "title": "can filter for uncompleted tasks",
                  "fullTitle": "example to-do app with a checked task can filter for uncompleted tasks",
                  "timedOut": null,
                  "duration": 1707,
                  "state": "passed",
                  "speed": "fast",
                  "pass": true,
                  "fail": false,
                  "pending": false,
                  "context": null,
                  "code": "// We'll click on the \"active\" button in order to\n// display only incomplete items\ncy.contains(\"Active\").click(); // After filtering, we can assert that there is only the one\n// incomplete item in the list.\ncy.get(\".todo-list li\").should(\"have.length\", 1).first().should(\"have.text\", \"Walk the dog\"); // For good measure, let's also assert that the task we checked off\n// does not exist on the page.\ncy.contains(\"Pay electric bill\").should(\"not.exist\");",
                  "err": {},
                  "uuid": "7d2e63e7-6b12-422e-b7b2-ab3526973e35",
                  "parentUUID": "9eb6a650-9bf7-48ad-9edf-38764f7964fd",
                  "isHook": false,
                  "skipped": false
                },
                {
                  "title": "can filter for completed tasks",
                  "fullTitle": "example to-do app with a checked task can filter for completed tasks",
                  "timedOut": null,
                  "duration": 1598,
                  "state": "passed",
                  "speed": "fast",
                  "pass": true,
                  "fail": false,
                  "pending": false,
                  "context": null,
                  "code": "// We can perform similar steps as the test above to ensure\n// that only completed tasks are shown\ncy.contains(\"Completed\").click();\ncy.get(\".todo-list li\").should(\"have.length\", 1).first().should(\"have.text\", \"Pay electric bill\");\ncy.contains(\"Walk the dog\").should(\"not.exist\");",
                  "err": {},
                  "uuid": "3d3bd20f-14a3-42b1-ba44-282a2655f7b9",
                  "parentUUID": "9eb6a650-9bf7-48ad-9edf-38764f7964fd",
                  "isHook": false,
                  "skipped": false
                },
                {
                  "title": "can delete all completed tasks",
                  "fullTitle": "example to-do app with a checked task can delete all completed tasks",
                  "timedOut": null,
                  "duration": 1628,
                  "state": "passed",
                  "speed": "fast",
                  "pass": true,
                  "fail": false,
                  "pending": false,
                  "context": null,
                  "code": "// First, let's click the \"Clear completed\" button\n// `contains` is actually serving two purposes here.\n// First, it's ensuring that the button exists within the dom.\n// This button only appears when at least one task is checked\n// so this command is implicitly verifying that it does exist.\n// Second, it selects the button so we can click it.\ncy.contains(\"Clear completed\").click(); // Then we can make sure that there is only one element\n// in the list and our element does not exist\ncy.get(\".todo-list li\").should(\"have.length\", 1).should(\"not.have.text\", \"Pay electric bill\"); // Finally, make sure that the clear button no longer exists.\ncy.contains(\"Clear completed\").should(\"not.exist\");",
                  "err": {},
                  "uuid": "3455cb40-5c58-4d66-9ea0-be743176a4d7",
                  "parentUUID": "9eb6a650-9bf7-48ad-9edf-38764f7964fd",
                  "isHook": false,
                  "skipped": false
                }
              ],
              "suites": [],
              "passes": [
                "7d2e63e7-6b12-422e-b7b2-ab3526973e35",
                "3d3bd20f-14a3-42b1-ba44-282a2655f7b9",
                "3455cb40-5c58-4d66-9ea0-be743176a4d7"
              ],
              "failures": [],
              "pending": [],
              "skipped": [],
              "duration": 4933,
              "root": false,
              "rootEmpty": false,
              "_timeout": 2000
            }
          ],
          "passes": [
            "012b42ef-4ae5-4ec3-b61e-067c1bbc863f",
            "17fc3d2b-355b-43ac-b11e-8e6aaab74256",
            "eeaae702-5fa2-4ca1-9e95-50c4e6e59ed6"
          ],
          "failures": [],
          "pending": [],
          "skipped": [],
          "duration": 14856,
          "root": false,
          "rootEmpty": false,
          "_timeout": 2000
        }
      ],
      "passes": [],
      "failures": [],
      "pending": [],
      "skipped": [],
      "duration": 0,
      "root": true,
      "rootEmpty": true,
      "_timeout": 2000
    }
  ],
  "meta": {
    "mocha": {
      "version": "7.0.1"
    },
    "mochawesome": {
      "options": {
        "quiet": false,
        "reportFilename": "[status]-[datetime]-[name]-report",
        "saveHtml": true,
        "saveJson": true,
        "consoleReporter": "spec",
        "useInlineDiffs": false,
        "code": true
      },
      "version": "7.1.3"
    },
    "marge": {
      "options": {
        "reportDir": "cypress/reports/mocha",
        "reportFilename": "[status]-[datetime]-[name]-report",
        "overwrite": false,
        "html": true,
        "json": true
      },
      "version": "6.2.0"
    }
  }
}