{
  "stats": {
    "suites": 17,
    "tests": 109,
    "passes": 109,
    "pending": 0,
    "failures": 0,
    "start": "2022-10-09T01:23:18.097Z",
    "end": "2022-10-09T01:29:13.480Z",
    "duration": 183562,
    "testsRegistered": 109,
    "passPercent": 100,
    "pendingPercent": 0,
    "other": 0,
    "hasOther": false,
    "skipped": 0,
    "hasSkipped": false
  },
  "results": [
    {
      "uuid": "6f82f7e2-2fe0-4328-a057-4a54e8a5119c",
      "title": "",
      "fullFile": "cypress/e2e/2-advanced-examples/actions.cy.js",
      "file": "cypress/e2e/2-advanced-examples/actions.cy.js",
      "beforeHooks": [],
      "afterHooks": [],
      "tests": [],
      "suites": [
        {
          "uuid": "3982b021-12c7-4e86-a054-5c15aa25056b",
          "title": "Actions",
          "fullFile": "",
          "file": "",
          "beforeHooks": [],
          "afterHooks": [],
          "tests": [
            {
              "title": ".type() - type into a DOM element",
              "fullTitle": "Actions .type() - type into a DOM element",
              "timedOut": null,
              "duration": 6587,
              "state": "passed",
              "speed": "medium",
              "pass": true,
              "fail": false,
              "pending": false,
              "context": null,
              "code": "// https://on.cypress.io/type\ncy.get(\".action-email\").type(\"fake@email.com\").should(\"have.value\", \"fake@email.com\") // .type() with special character sequences\n.type(\"{leftarrow}{rightarrow}{uparrow}{downarrow}\").type(\"{del}{selectall}{backspace}\") // .type() with key modifiers\n.type(\"{alt}{option}\") //these are equivalent\n.type(\"{ctrl}{control}\") //these are equivalent\n.type(\"{meta}{command}{cmd}\") //these are equivalent\n.type(\"{shift}\") // Delay each keypress by 0.1 sec\n.type(\"slow.typing@email.com\", {\n  delay: 100\n}).should(\"have.value\", \"slow.typing@email.com\");\ncy.get(\".action-disabled\") // Ignore error checking prior to type\n// like whether the input is visible or disabled\n.type(\"disabled error checking\", {\n  force: true\n}).should(\"have.value\", \"disabled error checking\");",
              "err": {},
              "uuid": "7642a6e0-7f21-4fa5-825e-77796379c99e",
              "parentUUID": "3982b021-12c7-4e86-a054-5c15aa25056b",
              "isHook": false,
              "skipped": false
            },
            {
              "title": ".focus() - focus on a DOM element",
              "fullTitle": "Actions .focus() - focus on a DOM element",
              "timedOut": null,
              "duration": 656,
              "state": "passed",
              "speed": "fast",
              "pass": true,
              "fail": false,
              "pending": false,
              "context": null,
              "code": "// https://on.cypress.io/focus\ncy.get(\".action-focus\").focus().should(\"have.class\", \"focus\").prev().should(\"have.attr\", \"style\", \"color: orange;\");",
              "err": {},
              "uuid": "99a98c79-ca50-4118-90a6-008681269d7f",
              "parentUUID": "3982b021-12c7-4e86-a054-5c15aa25056b",
              "isHook": false,
              "skipped": false
            },
            {
              "title": ".blur() - blur off a DOM element",
              "fullTitle": "Actions .blur() - blur off a DOM element",
              "timedOut": null,
              "duration": 808,
              "state": "passed",
              "speed": "fast",
              "pass": true,
              "fail": false,
              "pending": false,
              "context": null,
              "code": "// https://on.cypress.io/blur\ncy.get(\".action-blur\").type(\"About to blur\").blur().should(\"have.class\", \"error\").prev().should(\"have.attr\", \"style\", \"color: red;\");",
              "err": {},
              "uuid": "4be4450a-a5e5-4c78-8edf-ff2122ce5c53",
              "parentUUID": "3982b021-12c7-4e86-a054-5c15aa25056b",
              "isHook": false,
              "skipped": false
            },
            {
              "title": ".clear() - clears an input or textarea element",
              "fullTitle": "Actions .clear() - clears an input or textarea element",
              "timedOut": null,
              "duration": 829,
              "state": "passed",
              "speed": "fast",
              "pass": true,
              "fail": false,
              "pending": false,
              "context": null,
              "code": "// https://on.cypress.io/clear\ncy.get(\".action-clear\").type(\"Clear this text\").should(\"have.value\", \"Clear this text\").clear().should(\"have.value\", \"\");",
              "err": {},
              "uuid": "027b8b5b-8eab-438c-a82a-c4158e441c41",
              "parentUUID": "3982b021-12c7-4e86-a054-5c15aa25056b",
              "isHook": false,
              "skipped": false
            },
            {
              "title": ".submit() - submit a form",
              "fullTitle": "Actions .submit() - submit a form",
              "timedOut": null,
              "duration": 667,
              "state": "passed",
              "speed": "fast",
              "pass": true,
              "fail": false,
              "pending": false,
              "context": null,
              "code": "// https://on.cypress.io/submit\ncy.get(\".action-form\").find('[type=\"text\"]').type(\"HALFOFF\");\ncy.get(\".action-form\").submit().next().should(\"contain\", \"Your form has been submitted!\");",
              "err": {},
              "uuid": "ee0108ec-3f6a-4bbb-9fec-95bd95c96b5e",
              "parentUUID": "3982b021-12c7-4e86-a054-5c15aa25056b",
              "isHook": false,
              "skipped": false
            },
            {
              "title": ".click() - click on a DOM element",
              "fullTitle": "Actions .click() - click on a DOM element",
              "timedOut": null,
              "duration": 3198,
              "state": "passed",
              "speed": "fast",
              "pass": true,
              "fail": false,
              "pending": false,
              "context": null,
              "code": "// https://on.cypress.io/click\ncy.get(\".action-btn\").click(); // You can click on 9 specific positions of an element:\n//  -----------------------------------\n// | topLeft        top       topRight |\n// |                                   |\n// |                                   |\n// |                                   |\n// | left          center        right |\n// |                                   |\n// |                                   |\n// |                                   |\n// | bottomLeft   bottom   bottomRight |\n//  -----------------------------------\n// clicking in the center of the element is the default\ncy.get(\"#action-canvas\").click();\ncy.get(\"#action-canvas\").click(\"topLeft\");\ncy.get(\"#action-canvas\").click(\"top\");\ncy.get(\"#action-canvas\").click(\"topRight\");\ncy.get(\"#action-canvas\").click(\"left\");\ncy.get(\"#action-canvas\").click(\"right\");\ncy.get(\"#action-canvas\").click(\"bottomLeft\");\ncy.get(\"#action-canvas\").click(\"bottom\");\ncy.get(\"#action-canvas\").click(\"bottomRight\"); // .click() accepts an x and y coordinate\n// that controls where the click occurs :)\ncy.get(\"#action-canvas\").click(80, 75) // click 80px on x coord and 75px on y coord\n.click(170, 75).click(80, 165).click(100, 185).click(125, 190).click(150, 185).click(170, 165); // click multiple elements by passing multiple: true\ncy.get(\".action-labels>.label\").click({\n  multiple: true\n}); // Ignore error checking prior to clicking\ncy.get(\".action-opacity>.btn\").click({\n  force: true\n});",
              "err": {},
              "uuid": "2afbf5ab-ec46-4c7c-81d8-41e1b18b7cdf",
              "parentUUID": "3982b021-12c7-4e86-a054-5c15aa25056b",
              "isHook": false,
              "skipped": false
            },
            {
              "title": ".dblclick() - double click on a DOM element",
              "fullTitle": "Actions .dblclick() - double click on a DOM element",
              "timedOut": null,
              "duration": 622,
              "state": "passed",
              "speed": "fast",
              "pass": true,
              "fail": false,
              "pending": false,
              "context": null,
              "code": "// https://on.cypress.io/dblclick\n// Our app has a listener on 'dblclick' event in our 'scripts.js'\n// that hides the div and shows an input on double click\ncy.get(\".action-div\").dblclick().should(\"not.be.visible\");\ncy.get(\".action-input-hidden\").should(\"be.visible\");",
              "err": {},
              "uuid": "59136b2a-48d1-40f1-824c-fd2a43c38766",
              "parentUUID": "3982b021-12c7-4e86-a054-5c15aa25056b",
              "isHook": false,
              "skipped": false
            },
            {
              "title": ".rightclick() - right click on a DOM element",
              "fullTitle": "Actions .rightclick() - right click on a DOM element",
              "timedOut": null,
              "duration": 512,
              "state": "passed",
              "speed": "fast",
              "pass": true,
              "fail": false,
              "pending": false,
              "context": null,
              "code": "// https://on.cypress.io/rightclick\n// Our app has a listener on 'contextmenu' event in our 'scripts.js'\n// that hides the div and shows an input on right click\ncy.get(\".rightclick-action-div\").rightclick().should(\"not.be.visible\");\ncy.get(\".rightclick-action-input-hidden\").should(\"be.visible\");",
              "err": {},
              "uuid": "1f7809ab-02eb-4f21-aad1-9af1d61e6e32",
              "parentUUID": "3982b021-12c7-4e86-a054-5c15aa25056b",
              "isHook": false,
              "skipped": false
            },
            {
              "title": ".check() - check a checkbox or radio element",
              "fullTitle": "Actions .check() - check a checkbox or radio element",
              "timedOut": null,
              "duration": 1668,
              "state": "passed",
              "speed": "fast",
              "pass": true,
              "fail": false,
              "pending": false,
              "context": null,
              "code": "// https://on.cypress.io/check\n// By default, .check() will check all\n// matching checkbox or radio elements in succession, one after another\ncy.get('.action-checkboxes [type=\"checkbox\"]').not(\"[disabled]\").check().should(\"be.checked\");\ncy.get('.action-radios [type=\"radio\"]').not(\"[disabled]\").check().should(\"be.checked\"); // .check() accepts a value argument\ncy.get('.action-radios [type=\"radio\"]').check(\"radio1\").should(\"be.checked\"); // .check() accepts an array of values\ncy.get('.action-multiple-checkboxes [type=\"checkbox\"]').check([\"checkbox1\", \"checkbox2\"]).should(\"be.checked\"); // Ignore error checking prior to checking\ncy.get(\".action-checkboxes [disabled]\").check({\n  force: true\n}).should(\"be.checked\");\ncy.get('.action-radios [type=\"radio\"]').check(\"radio3\", {\n  force: true\n}).should(\"be.checked\");",
              "err": {},
              "uuid": "3e17092e-4a01-4037-a465-ff1d4cbf0513",
              "parentUUID": "3982b021-12c7-4e86-a054-5c15aa25056b",
              "isHook": false,
              "skipped": false
            },
            {
              "title": ".uncheck() - uncheck a checkbox element",
              "fullTitle": "Actions .uncheck() - uncheck a checkbox element",
              "timedOut": null,
              "duration": 1604,
              "state": "passed",
              "speed": "fast",
              "pass": true,
              "fail": false,
              "pending": false,
              "context": null,
              "code": "// https://on.cypress.io/uncheck\n// By default, .uncheck() will uncheck all matching\n// checkbox elements in succession, one after another\ncy.get('.action-check [type=\"checkbox\"]').not(\"[disabled]\").uncheck().should(\"not.be.checked\"); // .uncheck() accepts a value argument\ncy.get('.action-check [type=\"checkbox\"]').check(\"checkbox1\").uncheck(\"checkbox1\").should(\"not.be.checked\"); // .uncheck() accepts an array of values\ncy.get('.action-check [type=\"checkbox\"]').check([\"checkbox1\", \"checkbox3\"]).uncheck([\"checkbox1\", \"checkbox3\"]).should(\"not.be.checked\"); // Ignore error checking prior to unchecking\ncy.get(\".action-check [disabled]\").uncheck({\n  force: true\n}).should(\"not.be.checked\");",
              "err": {},
              "uuid": "eef18415-9964-4476-807f-5383f12ca322",
              "parentUUID": "3982b021-12c7-4e86-a054-5c15aa25056b",
              "isHook": false,
              "skipped": false
            },
            {
              "title": ".select() - select an option in a <select> element",
              "fullTitle": "Actions .select() - select an option in a <select> element",
              "timedOut": null,
              "duration": 1414,
              "state": "passed",
              "speed": "fast",
              "pass": true,
              "fail": false,
              "pending": false,
              "context": null,
              "code": "// https://on.cypress.io/select\n// at first, no option should be selected\ncy.get(\".action-select\").should(\"have.value\", \"--Select a fruit--\"); // Select option(s) with matching text content\ncy.get(\".action-select\").select(\"apples\"); // confirm the apples were selected\n// note that each value starts with \"fr-\" in our HTML\ncy.get(\".action-select\").should(\"have.value\", \"fr-apples\");\ncy.get(\".action-select-multiple\").select([\"apples\", \"oranges\", \"bananas\"]) // when getting multiple values, invoke \"val\" method first\n.invoke(\"val\").should(\"deep.equal\", [\"fr-apples\", \"fr-oranges\", \"fr-bananas\"]); // Select option(s) with matching value\ncy.get(\".action-select\").select(\"fr-bananas\") // can attach an assertion right away to the element\n.should(\"have.value\", \"fr-bananas\");\ncy.get(\".action-select-multiple\").select([\"fr-apples\", \"fr-oranges\", \"fr-bananas\"]).invoke(\"val\").should(\"deep.equal\", [\"fr-apples\", \"fr-oranges\", \"fr-bananas\"]); // assert the selected values include oranges\ncy.get(\".action-select-multiple\").invoke(\"val\").should(\"include\", \"fr-oranges\");",
              "err": {},
              "uuid": "450307ab-4650-4b2a-b600-ccd49971192c",
              "parentUUID": "3982b021-12c7-4e86-a054-5c15aa25056b",
              "isHook": false,
              "skipped": false
            },
            {
              "title": ".scrollIntoView() - scroll an element into view",
              "fullTitle": "Actions .scrollIntoView() - scroll an element into view",
              "timedOut": null,
              "duration": 586,
              "state": "passed",
              "speed": "fast",
              "pass": true,
              "fail": false,
              "pending": false,
              "context": null,
              "code": "// https://on.cypress.io/scrollintoview\n// normally all of these buttons are hidden,\n// because they're not within\n// the viewable area of their parent\n// (we need to scroll to see them)\ncy.get(\"#scroll-horizontal button\").should(\"not.be.visible\"); // scroll the button into view, as if the user had scrolled\ncy.get(\"#scroll-horizontal button\").scrollIntoView().should(\"be.visible\");\ncy.get(\"#scroll-vertical button\").should(\"not.be.visible\"); // Cypress handles the scroll direction needed\ncy.get(\"#scroll-vertical button\").scrollIntoView().should(\"be.visible\");\ncy.get(\"#scroll-both button\").should(\"not.be.visible\"); // Cypress knows to scroll to the right and down\ncy.get(\"#scroll-both button\").scrollIntoView().should(\"be.visible\");",
              "err": {},
              "uuid": "33603df1-0d57-420c-83f4-8e6547c8b351",
              "parentUUID": "3982b021-12c7-4e86-a054-5c15aa25056b",
              "isHook": false,
              "skipped": false
            },
            {
              "title": ".trigger() - trigger an event on a DOM element",
              "fullTitle": "Actions .trigger() - trigger an event on a DOM element",
              "timedOut": null,
              "duration": 451,
              "state": "passed",
              "speed": "fast",
              "pass": true,
              "fail": false,
              "pending": false,
              "context": null,
              "code": "// https://on.cypress.io/trigger\n// To interact with a range input (slider)\n// we need to set its value & trigger the\n// event to signal it changed\n// Here, we invoke jQuery's val() method to set\n// the value and trigger the 'change' event\ncy.get(\".trigger-input-range\").invoke(\"val\", 25).trigger(\"change\").get(\"input[type=range]\").siblings(\"p\").should(\"have.text\", \"25\");",
              "err": {},
              "uuid": "1236501e-88be-47e2-b562-711fc5a5873e",
              "parentUUID": "3982b021-12c7-4e86-a054-5c15aa25056b",
              "isHook": false,
              "skipped": false
            },
            {
              "title": "cy.scrollTo() - scroll the window or element to a position",
              "fullTitle": "Actions cy.scrollTo() - scroll the window or element to a position",
              "timedOut": null,
              "duration": 2435,
              "state": "passed",
              "speed": "fast",
              "pass": true,
              "fail": false,
              "pending": false,
              "context": null,
              "code": "// https://on.cypress.io/scrollto\n// You can scroll to 9 specific positions of an element:\n//  -----------------------------------\n// | topLeft        top       topRight |\n// |                                   |\n// |                                   |\n// |                                   |\n// | left          center        right |\n// |                                   |\n// |                                   |\n// |                                   |\n// | bottomLeft   bottom   bottomRight |\n//  -----------------------------------\n// if you chain .scrollTo() off of cy, we will\n// scroll the entire window\ncy.scrollTo(\"bottom\");\ncy.get(\"#scrollable-horizontal\").scrollTo(\"right\"); // or you can scroll to a specific coordinate:\n// (x axis, y axis) in pixels\ncy.get(\"#scrollable-vertical\").scrollTo(250, 250); // or you can scroll to a specific percentage\n// of the (width, height) of the element\ncy.get(\"#scrollable-both\").scrollTo(\"75%\", \"25%\"); // control the easing of the scroll (default is 'swing')\ncy.get(\"#scrollable-vertical\").scrollTo(\"center\", {\n  easing: \"linear\"\n}); // control the duration of the scroll (in ms)\ncy.get(\"#scrollable-both\").scrollTo(\"center\", {\n  duration: 2000\n});",
              "err": {},
              "uuid": "2181c924-0c70-46ea-b30f-4336e9cf9985",
              "parentUUID": "3982b021-12c7-4e86-a054-5c15aa25056b",
              "isHook": false,
              "skipped": false
            }
          ],
          "suites": [],
          "passes": [
            "7642a6e0-7f21-4fa5-825e-77796379c99e",
            "99a98c79-ca50-4118-90a6-008681269d7f",
            "4be4450a-a5e5-4c78-8edf-ff2122ce5c53",
            "027b8b5b-8eab-438c-a82a-c4158e441c41",
            "ee0108ec-3f6a-4bbb-9fec-95bd95c96b5e",
            "2afbf5ab-ec46-4c7c-81d8-41e1b18b7cdf",
            "59136b2a-48d1-40f1-824c-fd2a43c38766",
            "1f7809ab-02eb-4f21-aad1-9af1d61e6e32",
            "3e17092e-4a01-4037-a465-ff1d4cbf0513",
            "eef18415-9964-4476-807f-5383f12ca322",
            "450307ab-4650-4b2a-b600-ccd49971192c",
            "33603df1-0d57-420c-83f4-8e6547c8b351",
            "1236501e-88be-47e2-b562-711fc5a5873e",
            "2181c924-0c70-46ea-b30f-4336e9cf9985"
          ],
          "failures": [],
          "pending": [],
          "skipped": [],
          "duration": 22037,
          "root": false,
          "rootEmpty": false,
          "_timeout": 2000
        }
      ],
      "passes": [],
      "failures": [],
      "pending": [],
      "skipped": [],
      "duration": 0,
      "root": true,
      "rootEmpty": true,
      "_timeout": 2000
    },
    {
      "uuid": "98465461-1ef3-4e9b-a12a-8903e2eaee4d",
      "title": "",
      "fullFile": "cypress/e2e/2-advanced-examples/aliasing.cy.js",
      "file": "cypress/e2e/2-advanced-examples/aliasing.cy.js",
      "beforeHooks": [],
      "afterHooks": [],
      "tests": [],
      "suites": [
        {
          "uuid": "222afe24-8018-4ae4-b937-85b05a566c32",
          "title": "Aliasing",
          "fullFile": "",
          "file": "",
          "beforeHooks": [],
          "afterHooks": [],
          "tests": [
            {
              "title": ".as() - alias a DOM element for later use",
              "fullTitle": "Aliasing .as() - alias a DOM element for later use",
              "timedOut": null,
              "duration": 1129,
              "state": "passed",
              "speed": "fast",
              "pass": true,
              "fail": false,
              "pending": false,
              "context": null,
              "code": "// https://on.cypress.io/as\n// Alias a DOM element for use later\n// We don't have to traverse to the element\n// later in our code, we reference it with @\ncy.get('.as-table').find('tbody>tr').first().find('td').first().find('button').as('firstBtn'); // when we reference the alias, we place an\n// @ in front of its name\ncy.get('@firstBtn').click();\ncy.get('@firstBtn').should('have.class', 'btn-success').and('contain', 'Changed');",
              "err": {},
              "uuid": "a2085d05-aa61-4ade-b24b-1c0eea5dcd5f",
              "parentUUID": "222afe24-8018-4ae4-b937-85b05a566c32",
              "isHook": false,
              "skipped": false
            },
            {
              "title": ".as() - alias a route for later use",
              "fullTitle": "Aliasing .as() - alias a route for later use",
              "timedOut": null,
              "duration": 1735,
              "state": "passed",
              "speed": "fast",
              "pass": true,
              "fail": false,
              "pending": false,
              "context": null,
              "code": "// Alias the route to wait for its response\ncy.intercept('GET', '**/comments/*').as('getComment'); // we have code that gets a comment when\n// the button is clicked in scripts.js\ncy.get('.network-btn').click(); // https://on.cypress.io/wait\ncy.wait('@getComment').its('response.statusCode').should('eq', 200);",
              "err": {},
              "uuid": "d983eea5-54e2-4497-850e-7f0ba3893489",
              "parentUUID": "222afe24-8018-4ae4-b937-85b05a566c32",
              "isHook": false,
              "skipped": false
            }
          ],
          "suites": [],
          "passes": [
            "a2085d05-aa61-4ade-b24b-1c0eea5dcd5f",
            "d983eea5-54e2-4497-850e-7f0ba3893489"
          ],
          "failures": [],
          "pending": [],
          "skipped": [],
          "duration": 2864,
          "root": false,
          "rootEmpty": false,
          "_timeout": 2000
        }
      ],
      "passes": [],
      "failures": [],
      "pending": [],
      "skipped": [],
      "duration": 0,
      "root": true,
      "rootEmpty": true,
      "_timeout": 2000
    },
    {
      "uuid": "d3bbf656-b9c3-48d8-b73b-22bec709ff1b",
      "title": "",
      "fullFile": "cypress/e2e/2-advanced-examples/assertions.cy.js",
      "file": "cypress/e2e/2-advanced-examples/assertions.cy.js",
      "beforeHooks": [],
      "afterHooks": [],
      "tests": [],
      "suites": [
        {
          "uuid": "7457d14c-29ab-4b46-848f-d639e0c00a85",
          "title": "Assertions",
          "fullFile": "",
          "file": "",
          "beforeHooks": [],
          "afterHooks": [],
          "tests": [],
          "suites": [
            {
              "uuid": "5e36bb41-11f2-4e73-95c5-f359ffef3970",
              "title": "Implicit Assertions",
              "fullFile": "",
              "file": "",
              "beforeHooks": [],
              "afterHooks": [],
              "tests": [
                {
                  "title": ".should() - make an assertion about the current subject",
                  "fullTitle": "Assertions Implicit Assertions .should() - make an assertion about the current subject",
                  "timedOut": null,
                  "duration": 1512,
                  "state": "passed",
                  "speed": "fast",
                  "pass": true,
                  "fail": false,
                  "pending": false,
                  "context": null,
                  "code": "// https://on.cypress.io/should\ncy.get('.assertion-table').find('tbody tr:last').should('have.class', 'success').find('td').first() // checking the text of the <td> element in various ways\n.should('have.text', 'Column content').should('contain', 'Column content').should('have.html', 'Column content') // chai-jquery uses \"is()\" to check if element matches selector\n.should('match', 'td') // to match text content against a regular expression\n// first need to invoke jQuery method text()\n// and then match using regular expression\n.invoke('text').should('match', /column content/i); // a better way to check element's text content against a regular expression\n// is to use \"cy.contains\"\n// https://on.cypress.io/contains\ncy.get('.assertion-table').find('tbody tr:last') // finds first <td> element with text content matching regular expression\n.contains('td', /column content/i).should('be.visible'); // for more information about asserting element's text\n// see https://on.cypress.io/using-cypress-faq#How-do-I-get-an-element’s-text-contents",
                  "err": {},
                  "uuid": "63b72f87-9e2d-4703-9240-0fbbb59fd1be",
                  "parentUUID": "5e36bb41-11f2-4e73-95c5-f359ffef3970",
                  "isHook": false,
                  "skipped": false
                },
                {
                  "title": ".and() - chain multiple assertions together",
                  "fullTitle": "Assertions Implicit Assertions .and() - chain multiple assertions together",
                  "timedOut": null,
                  "duration": 567,
                  "state": "passed",
                  "speed": "fast",
                  "pass": true,
                  "fail": false,
                  "pending": false,
                  "context": null,
                  "code": "// https://on.cypress.io/and\ncy.get('.assertions-link').should('have.class', 'active').and('have.attr', 'href').and('include', 'cypress.io');",
                  "err": {},
                  "uuid": "92a4d657-8bbd-4109-98c0-9e8eb2d5e793",
                  "parentUUID": "5e36bb41-11f2-4e73-95c5-f359ffef3970",
                  "isHook": false,
                  "skipped": false
                }
              ],
              "suites": [],
              "passes": [
                "63b72f87-9e2d-4703-9240-0fbbb59fd1be",
                "92a4d657-8bbd-4109-98c0-9e8eb2d5e793"
              ],
              "failures": [],
              "pending": [],
              "skipped": [],
              "duration": 2079,
              "root": false,
              "rootEmpty": false,
              "_timeout": 2000
            },
            {
              "uuid": "c80b5a39-1ccf-4d24-b7a8-1c5491562a5b",
              "title": "Explicit Assertions",
              "fullFile": "",
              "file": "",
              "beforeHooks": [],
              "afterHooks": [],
              "tests": [
                {
                  "title": "expect - make an assertion about a specified subject",
                  "fullTitle": "Assertions Explicit Assertions expect - make an assertion about a specified subject",
                  "timedOut": null,
                  "duration": 504,
                  "state": "passed",
                  "speed": "fast",
                  "pass": true,
                  "fail": false,
                  "pending": false,
                  "context": null,
                  "code": "// We can use Chai's BDD style assertions\nexpect(true).to.be.true;\nconst o = {\n  foo: 'bar'\n};\nexpect(o).to.equal(o);\nexpect(o).to.deep.equal({\n  foo: 'bar'\n}); // matching text using regular expression\nexpect('FooBar').to.match(/bar$/i);",
                  "err": {},
                  "uuid": "9466abc1-4e08-4bab-b428-35901def2b99",
                  "parentUUID": "c80b5a39-1ccf-4d24-b7a8-1c5491562a5b",
                  "isHook": false,
                  "skipped": false
                },
                {
                  "title": "pass your own callback function to should()",
                  "fullTitle": "Assertions Explicit Assertions pass your own callback function to should()",
                  "timedOut": null,
                  "duration": 543,
                  "state": "passed",
                  "speed": "fast",
                  "pass": true,
                  "fail": false,
                  "pending": false,
                  "context": null,
                  "code": "// Pass a function to should that can have any number\n// of explicit assertions within it.\n// The \".should(cb)\" function will be retried\n// automatically until it passes all your explicit assertions or times out.\ncy.get('.assertions-p').find('p').should($p => {\n  // https://on.cypress.io/$\n  // return an array of texts from all of the p's\n  const texts = $p.map((i, el) => Cypress.$(el).text()); // jquery map returns jquery object\n  // and .get() convert this to simple array\n  const paragraphs = texts.get(); // array should have length of 3\n  expect(paragraphs, 'has 3 paragraphs').to.have.length(3); // use second argument to expect(...) to provide clear\n  // message with each assertion\n  expect(paragraphs, 'has expected text in each paragraph').to.deep.eq(['Some text from first p', 'More text from second p', 'And even more text from third p']);\n});",
                  "err": {},
                  "uuid": "9a650e62-0fc4-44ae-9acf-42f3c1c93008",
                  "parentUUID": "c80b5a39-1ccf-4d24-b7a8-1c5491562a5b",
                  "isHook": false,
                  "skipped": false
                },
                {
                  "title": "finds element by class name regex",
                  "fullTitle": "Assertions Explicit Assertions finds element by class name regex",
                  "timedOut": null,
                  "duration": 642,
                  "state": "passed",
                  "speed": "fast",
                  "pass": true,
                  "fail": false,
                  "pending": false,
                  "context": null,
                  "code": "cy.get('.docs-header').find('div') // .should(cb) callback function will be retried\n.should($div => {\n  expect($div).to.have.length(1);\n  const className = $div[0].className;\n  expect(className).to.match(/heading-/);\n}) // .then(cb) callback is not retried,\n// it either passes or fails\n.then($div => {\n  expect($div, 'text content').to.have.text('Introduction');\n});",
                  "err": {},
                  "uuid": "8fb66e53-1d92-45e4-a17f-643bd3dbd0c5",
                  "parentUUID": "c80b5a39-1ccf-4d24-b7a8-1c5491562a5b",
                  "isHook": false,
                  "skipped": false
                },
                {
                  "title": "can throw any error",
                  "fullTitle": "Assertions Explicit Assertions can throw any error",
                  "timedOut": null,
                  "duration": 552,
                  "state": "passed",
                  "speed": "fast",
                  "pass": true,
                  "fail": false,
                  "pending": false,
                  "context": null,
                  "code": "cy.get('.docs-header').find('div').should($div => {\n  if ($div.length !== 1) {\n    // you can throw your own errors\n    throw new Error('Did not find 1 element');\n  }\n  const className = $div[0].className;\n  if (!className.match(/heading-/)) {\n    throw new Error(`Could not find class \"heading-\" in ${className}`);\n  }\n});",
                  "err": {},
                  "uuid": "0dfd0d6f-7e83-40d1-8a1f-b5deebbe2755",
                  "parentUUID": "c80b5a39-1ccf-4d24-b7a8-1c5491562a5b",
                  "isHook": false,
                  "skipped": false
                },
                {
                  "title": "matches unknown text between two elements",
                  "fullTitle": "Assertions Explicit Assertions matches unknown text between two elements",
                  "timedOut": null,
                  "duration": 727,
                  "state": "passed",
                  "speed": "fast",
                  "pass": true,
                  "fail": false,
                  "pending": false,
                  "context": null,
                  "code": "/**\n * Text from the first element.\n * @type {string}\n*/\nlet text;\n/**\n * Normalizes passed text,\n * useful before comparing text with spaces and different capitalization.\n * @param {string} s Text to normalize\n*/\nconst normalizeText = s => s.replace(/\\s/g, '').toLowerCase();\ncy.get('.two-elements').find('.first').then($first => {\n  // save text from the first element\n  text = normalizeText($first.text());\n});\ncy.get('.two-elements').find('.second').should($div => {\n  // we can massage text before comparing\n  const secondText = normalizeText($div.text());\n  expect(secondText, 'second text').to.equal(text);\n});",
                  "err": {},
                  "uuid": "6032ec1e-7a20-45f7-8863-669bd831e168",
                  "parentUUID": "c80b5a39-1ccf-4d24-b7a8-1c5491562a5b",
                  "isHook": false,
                  "skipped": false
                },
                {
                  "title": "assert - assert shape of an object",
                  "fullTitle": "Assertions Explicit Assertions assert - assert shape of an object",
                  "timedOut": null,
                  "duration": 547,
                  "state": "passed",
                  "speed": "fast",
                  "pass": true,
                  "fail": false,
                  "pending": false,
                  "context": null,
                  "code": "const person = {\n  name: 'Joe',\n  age: 20\n};\nassert.isObject(person, 'value is object');",
                  "err": {},
                  "uuid": "3f4af5c5-7e11-40c4-8e8e-693161467bfb",
                  "parentUUID": "c80b5a39-1ccf-4d24-b7a8-1c5491562a5b",
                  "isHook": false,
                  "skipped": false
                },
                {
                  "title": "retries the should callback until assertions pass",
                  "fullTitle": "Assertions Explicit Assertions retries the should callback until assertions pass",
                  "timedOut": null,
                  "duration": 1957,
                  "state": "passed",
                  "speed": "fast",
                  "pass": true,
                  "fail": false,
                  "pending": false,
                  "context": null,
                  "code": "cy.get('#random-number').should($div => {\n  const n = parseFloat($div.text());\n  expect(n).to.be.gte(1).and.be.lte(10);\n});",
                  "err": {},
                  "uuid": "e5899374-8ef0-47b9-81c1-c0cd453dd420",
                  "parentUUID": "c80b5a39-1ccf-4d24-b7a8-1c5491562a5b",
                  "isHook": false,
                  "skipped": false
                }
              ],
              "suites": [],
              "passes": [
                "9466abc1-4e08-4bab-b428-35901def2b99",
                "9a650e62-0fc4-44ae-9acf-42f3c1c93008",
                "8fb66e53-1d92-45e4-a17f-643bd3dbd0c5",
                "0dfd0d6f-7e83-40d1-8a1f-b5deebbe2755",
                "6032ec1e-7a20-45f7-8863-669bd831e168",
                "3f4af5c5-7e11-40c4-8e8e-693161467bfb",
                "e5899374-8ef0-47b9-81c1-c0cd453dd420"
              ],
              "failures": [],
              "pending": [],
              "skipped": [],
              "duration": 5472,
              "root": false,
              "rootEmpty": false,
              "_timeout": 2000
            }
          ],
          "passes": [],
          "failures": [],
          "pending": [],
          "skipped": [],
          "duration": 0,
          "root": false,
          "rootEmpty": false,
          "_timeout": 2000
        }
      ],
      "passes": [],
      "failures": [],
      "pending": [],
      "skipped": [],
      "duration": 0,
      "root": true,
      "rootEmpty": true,
      "_timeout": 2000
    },
    {
      "uuid": "a69420e5-9168-4f00-b8fc-656061481a46",
      "title": "",
      "fullFile": "cypress/e2e/2-advanced-examples/connectors.cy.js",
      "file": "cypress/e2e/2-advanced-examples/connectors.cy.js",
      "beforeHooks": [],
      "afterHooks": [],
      "tests": [],
      "suites": [
        {
          "uuid": "20fd88f5-052d-4306-bcb3-ae89bdbf634b",
          "title": "Connectors",
          "fullFile": "",
          "file": "",
          "beforeHooks": [],
          "afterHooks": [],
          "tests": [
            {
              "title": ".each() - iterate over an array of elements",
              "fullTitle": "Connectors .each() - iterate over an array of elements",
              "timedOut": null,
              "duration": 883,
              "state": "passed",
              "speed": "fast",
              "pass": true,
              "fail": false,
              "pending": false,
              "context": null,
              "code": "// https://on.cypress.io/each\ncy.get('.connectors-each-ul>li').each(($el, index, $list) => {\n  console.log($el, index, $list);\n});",
              "err": {},
              "uuid": "bd7ceb57-fd89-47bd-9ab1-70a4491598f7",
              "parentUUID": "20fd88f5-052d-4306-bcb3-ae89bdbf634b",
              "isHook": false,
              "skipped": false
            },
            {
              "title": ".its() - get properties on the current subject",
              "fullTitle": "Connectors .its() - get properties on the current subject",
              "timedOut": null,
              "duration": 327,
              "state": "passed",
              "speed": "fast",
              "pass": true,
              "fail": false,
              "pending": false,
              "context": null,
              "code": "// https://on.cypress.io/its\ncy.get('.connectors-its-ul>li') // calls the 'length' property yielding that value\n.its('length').should('be.gt', 2);",
              "err": {},
              "uuid": "fa641b02-5304-439d-9926-910765f4309a",
              "parentUUID": "20fd88f5-052d-4306-bcb3-ae89bdbf634b",
              "isHook": false,
              "skipped": false
            },
            {
              "title": ".invoke() - invoke a function on the current subject",
              "fullTitle": "Connectors .invoke() - invoke a function on the current subject",
              "timedOut": null,
              "duration": 319,
              "state": "passed",
              "speed": "fast",
              "pass": true,
              "fail": false,
              "pending": false,
              "context": null,
              "code": "// our div is hidden in our script.js\n// $('.connectors-div').hide()\n// https://on.cypress.io/invoke\ncy.get('.connectors-div').should('be.hidden') // call the jquery method 'show' on the 'div.container'\n.invoke('show').should('be.visible');",
              "err": {},
              "uuid": "37ea48a3-05bc-4cd4-937f-bb465da9dec5",
              "parentUUID": "20fd88f5-052d-4306-bcb3-ae89bdbf634b",
              "isHook": false,
              "skipped": false
            },
            {
              "title": ".spread() - spread an array as individual args to callback function",
              "fullTitle": "Connectors .spread() - spread an array as individual args to callback function",
              "timedOut": null,
              "duration": 419,
              "state": "passed",
              "speed": "fast",
              "pass": true,
              "fail": false,
              "pending": false,
              "context": null,
              "code": "// https://on.cypress.io/spread\nconst arr = ['foo', 'bar', 'baz'];\ncy.wrap(arr).spread((foo, bar, baz) => {\n  expect(foo).to.eq('foo');\n  expect(bar).to.eq('bar');\n  expect(baz).to.eq('baz');\n});",
              "err": {},
              "uuid": "b917fd33-71b7-4fc8-93be-6a41a7773dd7",
              "parentUUID": "20fd88f5-052d-4306-bcb3-ae89bdbf634b",
              "isHook": false,
              "skipped": false
            }
          ],
          "suites": [
            {
              "uuid": "7d3a61b1-a465-4ba1-b14b-8656e8f7d6ae",
              "title": ".then()",
              "fullFile": "",
              "file": "",
              "beforeHooks": [],
              "afterHooks": [],
              "tests": [
                {
                  "title": "invokes a callback function with the current subject",
                  "fullTitle": "Connectors .then() invokes a callback function with the current subject",
                  "timedOut": null,
                  "duration": 437,
                  "state": "passed",
                  "speed": "fast",
                  "pass": true,
                  "fail": false,
                  "pending": false,
                  "context": null,
                  "code": "// https://on.cypress.io/then\ncy.get('.connectors-list > li').then($lis => {\n  expect($lis, '3 items').to.have.length(3);\n  expect($lis.eq(0), 'first item').to.contain('Walk the dog');\n  expect($lis.eq(1), 'second item').to.contain('Feed the cat');\n  expect($lis.eq(2), 'third item').to.contain('Write JavaScript');\n});",
                  "err": {},
                  "uuid": "cf2642e9-628d-4164-87c4-11c79bf980c2",
                  "parentUUID": "7d3a61b1-a465-4ba1-b14b-8656e8f7d6ae",
                  "isHook": false,
                  "skipped": false
                },
                {
                  "title": "yields the returned value to the next command",
                  "fullTitle": "Connectors .then() yields the returned value to the next command",
                  "timedOut": null,
                  "duration": 375,
                  "state": "passed",
                  "speed": "fast",
                  "pass": true,
                  "fail": false,
                  "pending": false,
                  "context": null,
                  "code": "cy.wrap(1).then(num => {\n  expect(num).to.equal(1);\n  return 2;\n}).then(num => {\n  expect(num).to.equal(2);\n});",
                  "err": {},
                  "uuid": "1906b26c-66be-4562-8009-58293f45a23f",
                  "parentUUID": "7d3a61b1-a465-4ba1-b14b-8656e8f7d6ae",
                  "isHook": false,
                  "skipped": false
                },
                {
                  "title": "yields the original subject without return",
                  "fullTitle": "Connectors .then() yields the original subject without return",
                  "timedOut": null,
                  "duration": 359,
                  "state": "passed",
                  "speed": "fast",
                  "pass": true,
                  "fail": false,
                  "pending": false,
                  "context": null,
                  "code": "cy.wrap(1).then(num => {\n  expect(num).to.equal(1); // note that nothing is returned from this callback\n}).then(num => {\n  // this callback receives the original unchanged value 1\n  expect(num).to.equal(1);\n});",
                  "err": {},
                  "uuid": "be7c90f8-53ec-449b-a059-7c7d0e431a47",
                  "parentUUID": "7d3a61b1-a465-4ba1-b14b-8656e8f7d6ae",
                  "isHook": false,
                  "skipped": false
                },
                {
                  "title": "yields the value yielded by the last Cypress command inside",
                  "fullTitle": "Connectors .then() yields the value yielded by the last Cypress command inside",
                  "timedOut": null,
                  "duration": 345,
                  "state": "passed",
                  "speed": "fast",
                  "pass": true,
                  "fail": false,
                  "pending": false,
                  "context": null,
                  "code": "cy.wrap(1).then(num => {\n  expect(num).to.equal(1); // note how we run a Cypress command\n  // the result yielded by this Cypress command\n  // will be passed to the second \".then\"\n  cy.wrap(2);\n}).then(num => {\n  // this callback receives the value yielded by \"cy.wrap(2)\"\n  expect(num).to.equal(2);\n});",
                  "err": {},
                  "uuid": "542a0aa4-325a-4777-ae75-40e2a0885047",
                  "parentUUID": "7d3a61b1-a465-4ba1-b14b-8656e8f7d6ae",
                  "isHook": false,
                  "skipped": false
                }
              ],
              "suites": [],
              "passes": [
                "cf2642e9-628d-4164-87c4-11c79bf980c2",
                "1906b26c-66be-4562-8009-58293f45a23f",
                "be7c90f8-53ec-449b-a059-7c7d0e431a47",
                "542a0aa4-325a-4777-ae75-40e2a0885047"
              ],
              "failures": [],
              "pending": [],
              "skipped": [],
              "duration": 1516,
              "root": false,
              "rootEmpty": false,
              "_timeout": 2000
            }
          ],
          "passes": [
            "bd7ceb57-fd89-47bd-9ab1-70a4491598f7",
            "fa641b02-5304-439d-9926-910765f4309a",
            "37ea48a3-05bc-4cd4-937f-bb465da9dec5",
            "b917fd33-71b7-4fc8-93be-6a41a7773dd7"
          ],
          "failures": [],
          "pending": [],
          "skipped": [],
          "duration": 1948,
          "root": false,
          "rootEmpty": false,
          "_timeout": 2000
        }
      ],
      "passes": [],
      "failures": [],
      "pending": [],
      "skipped": [],
      "duration": 0,
      "root": true,
      "rootEmpty": true,
      "_timeout": 2000
    },
    {
      "uuid": "8b1a5f70-cd34-4f6b-b484-1c66cf193d2c",
      "title": "",
      "fullFile": "cypress/e2e/2-advanced-examples/cookies.cy.js",
      "file": "cypress/e2e/2-advanced-examples/cookies.cy.js",
      "beforeHooks": [],
      "afterHooks": [],
      "tests": [],
      "suites": [
        {
          "uuid": "48522531-c72b-4987-9011-abc961091013",
          "title": "Cookies",
          "fullFile": "",
          "file": "",
          "beforeHooks": [],
          "afterHooks": [],
          "tests": [
            {
              "title": "cy.getCookie() - get a browser cookie",
              "fullTitle": "Cookies cy.getCookie() - get a browser cookie",
              "timedOut": null,
              "duration": 908,
              "state": "passed",
              "speed": "fast",
              "pass": true,
              "fail": false,
              "pending": false,
              "context": null,
              "code": "// https://on.cypress.io/getcookie\ncy.get('#getCookie .set-a-cookie').click(); // cy.getCookie() yields a cookie object\ncy.getCookie('token').should('have.property', 'value', '123ABC');",
              "err": {},
              "uuid": "f1a75465-b144-4da1-872a-a2f674546f45",
              "parentUUID": "48522531-c72b-4987-9011-abc961091013",
              "isHook": false,
              "skipped": false
            },
            {
              "title": "cy.getCookies() - get browser cookies",
              "fullTitle": "Cookies cy.getCookies() - get browser cookies",
              "timedOut": null,
              "duration": 473,
              "state": "passed",
              "speed": "fast",
              "pass": true,
              "fail": false,
              "pending": false,
              "context": null,
              "code": "// https://on.cypress.io/getcookies\ncy.getCookies().should('be.empty');\ncy.get('#getCookies .set-a-cookie').click(); // cy.getCookies() yields an array of cookies\ncy.getCookies().should('have.length', 1).should(cookies => {\n  // each cookie has these properties\n  expect(cookies[0]).to.have.property('name', 'token');\n  expect(cookies[0]).to.have.property('value', '123ABC');\n  expect(cookies[0]).to.have.property('httpOnly', false);\n  expect(cookies[0]).to.have.property('secure', false);\n  expect(cookies[0]).to.have.property('domain');\n  expect(cookies[0]).to.have.property('path');\n});",
              "err": {},
              "uuid": "ff6cc909-434c-403b-819d-3465ad7665fd",
              "parentUUID": "48522531-c72b-4987-9011-abc961091013",
              "isHook": false,
              "skipped": false
            },
            {
              "title": "cy.setCookie() - set a browser cookie",
              "fullTitle": "Cookies cy.setCookie() - set a browser cookie",
              "timedOut": null,
              "duration": 464,
              "state": "passed",
              "speed": "fast",
              "pass": true,
              "fail": false,
              "pending": false,
              "context": null,
              "code": "// https://on.cypress.io/setcookie\ncy.getCookies().should('be.empty');\ncy.setCookie('foo', 'bar'); // cy.getCookie() yields a cookie object\ncy.getCookie('foo').should('have.property', 'value', 'bar');",
              "err": {},
              "uuid": "ed2d9084-f964-45f0-bc11-e9adb77fee29",
              "parentUUID": "48522531-c72b-4987-9011-abc961091013",
              "isHook": false,
              "skipped": false
            },
            {
              "title": "cy.clearCookie() - clear a browser cookie",
              "fullTitle": "Cookies cy.clearCookie() - clear a browser cookie",
              "timedOut": null,
              "duration": 573,
              "state": "passed",
              "speed": "fast",
              "pass": true,
              "fail": false,
              "pending": false,
              "context": null,
              "code": "// https://on.cypress.io/clearcookie\ncy.getCookie('token').should('be.null');\ncy.get('#clearCookie .set-a-cookie').click();\ncy.getCookie('token').should('have.property', 'value', '123ABC'); // cy.clearCookies() yields null\ncy.clearCookie('token').should('be.null');\ncy.getCookie('token').should('be.null');",
              "err": {},
              "uuid": "3579a600-2d3a-4da4-bfe8-9ad82340c5c7",
              "parentUUID": "48522531-c72b-4987-9011-abc961091013",
              "isHook": false,
              "skipped": false
            },
            {
              "title": "cy.clearCookies() - clear browser cookies",
              "fullTitle": "Cookies cy.clearCookies() - clear browser cookies",
              "timedOut": null,
              "duration": 623,
              "state": "passed",
              "speed": "fast",
              "pass": true,
              "fail": false,
              "pending": false,
              "context": null,
              "code": "// https://on.cypress.io/clearcookies\ncy.getCookies().should('be.empty');\ncy.get('#clearCookies .set-a-cookie').click();\ncy.getCookies().should('have.length', 1); // cy.clearCookies() yields null\ncy.clearCookies();\ncy.getCookies().should('be.empty');",
              "err": {},
              "uuid": "bf1906e5-6363-4c08-8ca9-22ad3e47dce5",
              "parentUUID": "48522531-c72b-4987-9011-abc961091013",
              "isHook": false,
              "skipped": false
            }
          ],
          "suites": [],
          "passes": [
            "f1a75465-b144-4da1-872a-a2f674546f45",
            "ff6cc909-434c-403b-819d-3465ad7665fd",
            "ed2d9084-f964-45f0-bc11-e9adb77fee29",
            "3579a600-2d3a-4da4-bfe8-9ad82340c5c7",
            "bf1906e5-6363-4c08-8ca9-22ad3e47dce5"
          ],
          "failures": [],
          "pending": [],
          "skipped": [],
          "duration": 3041,
          "root": false,
          "rootEmpty": false,
          "_timeout": 2000
        }
      ],
      "passes": [],
      "failures": [],
      "pending": [],
      "skipped": [],
      "duration": 0,
      "root": true,
      "rootEmpty": true,
      "_timeout": 2000
    },
    {
      "uuid": "6e414159-c15c-4872-906b-01c84e2afe54",
      "title": "",
      "fullFile": "cypress/e2e/2-advanced-examples/cypress_api.cy.js",
      "file": "cypress/e2e/2-advanced-examples/cypress_api.cy.js",
      "beforeHooks": [],
      "afterHooks": [],
      "tests": [],
      "suites": [
        {
          "uuid": "17b599ab-80bd-4ae6-ae2d-03314d6d924d",
          "title": "Cypress.Commands",
          "fullFile": "",
          "file": "",
          "beforeHooks": [],
          "afterHooks": [],
          "tests": [
            {
              "title": ".add() - create a custom command",
              "fullTitle": "Cypress.Commands .add() - create a custom command",
              "timedOut": null,
              "duration": 2902,
              "state": "passed",
              "speed": "fast",
              "pass": true,
              "fail": false,
              "pending": false,
              "context": null,
              "code": "Cypress.Commands.add(\"console\", {\n  prevSubject: true\n}, (subject, method) => {\n  // the previous subject is automatically received\n  // and the commands arguments are shifted\n  // allow us to change the console method used\n  method = method || \"log\"; // log the subject to the console\n  console[method](\"The subject is\", subject); // whatever we return becomes the new subject\n  // we don't want to change the subject so\n  // we return whatever was passed in\n  return subject;\n});\ncy.get(\"button\").console(\"info\").then($button => {// subject is still $button\n});",
              "err": {},
              "uuid": "b3973b99-7006-4145-822d-79b38361564d",
              "parentUUID": "17b599ab-80bd-4ae6-ae2d-03314d6d924d",
              "isHook": false,
              "skipped": false
            }
          ],
          "suites": [],
          "passes": [
            "b3973b99-7006-4145-822d-79b38361564d"
          ],
          "failures": [],
          "pending": [],
          "skipped": [],
          "duration": 2902,
          "root": false,
          "rootEmpty": false,
          "_timeout": 2000
        },
        {
          "uuid": "1f8ae76c-5505-4709-8540-602de4fd30e7",
          "title": "Cypress.Cookies",
          "fullFile": "",
          "file": "",
          "beforeHooks": [],
          "afterHooks": [],
          "tests": [
            {
              "title": ".debug() - enable or disable debugging",
              "fullTitle": "Cypress.Cookies .debug() - enable or disable debugging",
              "timedOut": null,
              "duration": 1049,
              "state": "passed",
              "speed": "fast",
              "pass": true,
              "fail": false,
              "pending": false,
              "context": null,
              "code": "Cypress.Cookies.debug(true); // Cypress will now log in the console when\n// cookies are set or cleared\ncy.setCookie(\"fakeCookie\", \"123ABC\");\ncy.clearCookie(\"fakeCookie\");\ncy.setCookie(\"fakeCookie\", \"123ABC\");\ncy.clearCookie(\"fakeCookie\");\ncy.setCookie(\"fakeCookie\", \"123ABC\");",
              "err": {},
              "uuid": "ee864697-d905-4610-93cc-318abe455c71",
              "parentUUID": "1f8ae76c-5505-4709-8540-602de4fd30e7",
              "isHook": false,
              "skipped": false
            },
            {
              "title": ".preserveOnce() - preserve cookies by key",
              "fullTitle": "Cypress.Cookies .preserveOnce() - preserve cookies by key",
              "timedOut": null,
              "duration": 750,
              "state": "passed",
              "speed": "fast",
              "pass": true,
              "fail": false,
              "pending": false,
              "context": null,
              "code": "// normally cookies are reset after each test\ncy.getCookie(\"fakeCookie\").should(\"not.be.ok\"); // preserving a cookie will not clear it when\n// the next test starts\ncy.setCookie(\"lastCookie\", \"789XYZ\");\nCypress.Cookies.preserveOnce(\"lastCookie\");",
              "err": {},
              "uuid": "fdc9beeb-5de4-4610-92f4-5c1875b12faf",
              "parentUUID": "1f8ae76c-5505-4709-8540-602de4fd30e7",
              "isHook": false,
              "skipped": false
            },
            {
              "title": ".defaults() - set defaults for all cookies",
              "fullTitle": "Cypress.Cookies .defaults() - set defaults for all cookies",
              "timedOut": null,
              "duration": 3124,
              "state": "passed",
              "speed": "fast",
              "pass": true,
              "fail": false,
              "pending": false,
              "context": null,
              "code": "// now any cookie with the name 'session_id' will\n// not be cleared before each new test runs\nCypress.Cookies.defaults({\n  preserve: \"session_id\"\n});",
              "err": {},
              "uuid": "18578b72-3bad-4b29-bd2e-733fb075f4f4",
              "parentUUID": "1f8ae76c-5505-4709-8540-602de4fd30e7",
              "isHook": false,
              "skipped": false
            }
          ],
          "suites": [],
          "passes": [
            "ee864697-d905-4610-93cc-318abe455c71",
            "fdc9beeb-5de4-4610-92f4-5c1875b12faf",
            "18578b72-3bad-4b29-bd2e-733fb075f4f4"
          ],
          "failures": [],
          "pending": [],
          "skipped": [],
          "duration": 4923,
          "root": false,
          "rootEmpty": false,
          "_timeout": 2000
        },
        {
          "uuid": "4beb05cc-98db-458b-a16d-69ae3fdb360f",
          "title": "Cypress.arch",
          "fullFile": "",
          "file": "",
          "beforeHooks": [],
          "afterHooks": [],
          "tests": [
            {
              "title": "Get CPU architecture name of underlying OS",
              "fullTitle": "Cypress.arch Get CPU architecture name of underlying OS",
              "timedOut": null,
              "duration": 1590,
              "state": "passed",
              "speed": "fast",
              "pass": true,
              "fail": false,
              "pending": false,
              "context": null,
              "code": "// https://on.cypress.io/arch\nexpect(Cypress.arch).to.exist;",
              "err": {},
              "uuid": "b6da423a-9dbb-4051-8c78-3db435958e20",
              "parentUUID": "4beb05cc-98db-458b-a16d-69ae3fdb360f",
              "isHook": false,
              "skipped": false
            }
          ],
          "suites": [],
          "passes": [
            "b6da423a-9dbb-4051-8c78-3db435958e20"
          ],
          "failures": [],
          "pending": [],
          "skipped": [],
          "duration": 1590,
          "root": false,
          "rootEmpty": false,
          "_timeout": 2000
        },
        {
          "uuid": "76eb7c22-fa87-490f-8d00-9d98140e03ab",
          "title": "Cypress.config()",
          "fullFile": "",
          "file": "",
          "beforeHooks": [],
          "afterHooks": [],
          "tests": [
            {
              "title": "Get and set configuration options",
              "fullTitle": "Cypress.config() Get and set configuration options",
              "timedOut": null,
              "duration": 1282,
              "state": "passed",
              "speed": "fast",
              "pass": true,
              "fail": false,
              "pending": false,
              "context": null,
              "code": "// https://on.cypress.io/config\nlet myConfig = Cypress.config();\nexpect(myConfig).to.have.property(\"animationDistanceThreshold\", 5);\nexpect(myConfig).to.have.property(\"baseUrl\", null);\nexpect(myConfig).to.have.property(\"defaultCommandTimeout\", 4000);\nexpect(myConfig).to.have.property(\"requestTimeout\", 5000);\nexpect(myConfig).to.have.property(\"responseTimeout\", 30000);\nexpect(myConfig).to.have.property(\"viewportHeight\", 660);\nexpect(myConfig).to.have.property(\"viewportWidth\", 1000);\nexpect(myConfig).to.have.property(\"pageLoadTimeout\", 60000);\nexpect(myConfig).to.have.property(\"waitForAnimations\", true);\nexpect(Cypress.config(\"pageLoadTimeout\")).to.eq(60000); // this will change the config for the rest of your tests!\nCypress.config(\"pageLoadTimeout\", 20000);\nexpect(Cypress.config(\"pageLoadTimeout\")).to.eq(20000);\nCypress.config(\"pageLoadTimeout\", 60000);",
              "err": {},
              "uuid": "90eaa26e-7de9-452e-9d25-be6b5aa598f2",
              "parentUUID": "76eb7c22-fa87-490f-8d00-9d98140e03ab",
              "isHook": false,
              "skipped": false
            }
          ],
          "suites": [],
          "passes": [
            "90eaa26e-7de9-452e-9d25-be6b5aa598f2"
          ],
          "failures": [],
          "pending": [],
          "skipped": [],
          "duration": 1282,
          "root": false,
          "rootEmpty": false,
          "_timeout": 2000
        },
        {
          "uuid": "85392ad0-5d71-4ec8-8dc2-1943995edd0d",
          "title": "Cypress.dom",
          "fullFile": "",
          "file": "",
          "beforeHooks": [],
          "afterHooks": [],
          "tests": [
            {
              "title": ".isHidden() - determine if a DOM element is hidden",
              "fullTitle": "Cypress.dom .isHidden() - determine if a DOM element is hidden",
              "timedOut": null,
              "duration": 894,
              "state": "passed",
              "speed": "fast",
              "pass": true,
              "fail": false,
              "pending": false,
              "context": null,
              "code": "let hiddenP = Cypress.$(\".dom-p p.hidden\").get(0);\nlet visibleP = Cypress.$(\".dom-p p.visible\").get(0); // our first paragraph has css class 'hidden'\nexpect(Cypress.dom.isHidden(hiddenP)).to.be.true;\nexpect(Cypress.dom.isHidden(visibleP)).to.be.false;",
              "err": {},
              "uuid": "00ee4405-0421-454f-9d21-0f4b411fb1ee",
              "parentUUID": "85392ad0-5d71-4ec8-8dc2-1943995edd0d",
              "isHook": false,
              "skipped": false
            }
          ],
          "suites": [],
          "passes": [
            "00ee4405-0421-454f-9d21-0f4b411fb1ee"
          ],
          "failures": [],
          "pending": [],
          "skipped": [],
          "duration": 894,
          "root": false,
          "rootEmpty": false,
          "_timeout": 2000
        },
        {
          "uuid": "ff6b9227-7f38-457c-92a7-2291c867368c",
          "title": "Cypress.env()",
          "fullFile": "",
          "file": "",
          "beforeHooks": [],
          "afterHooks": [],
          "tests": [
            {
              "title": "Get environment variables",
              "fullTitle": "Cypress.env() Get environment variables",
              "timedOut": null,
              "duration": 748,
              "state": "passed",
              "speed": "fast",
              "pass": true,
              "fail": false,
              "pending": false,
              "context": null,
              "code": "// https://on.cypress.io/env\n// set multiple environment variables\nCypress.env({\n  host: \"veronica.dev.local\",\n  api_server: \"http://localhost:8888/v1/\"\n}); // get environment variable\nexpect(Cypress.env(\"host\")).to.eq(\"veronica.dev.local\"); // set environment variable\nCypress.env(\"api_server\", \"http://localhost:8888/v2/\");\nexpect(Cypress.env(\"api_server\")).to.eq(\"http://localhost:8888/v2/\"); // get all environment variable\nexpect(Cypress.env()).to.have.property(\"host\", \"veronica.dev.local\");\nexpect(Cypress.env()).to.have.property(\"api_server\", \"http://localhost:8888/v2/\");",
              "err": {},
              "uuid": "ba9c9305-663f-40e5-ad07-9553e4a91597",
              "parentUUID": "ff6b9227-7f38-457c-92a7-2291c867368c",
              "isHook": false,
              "skipped": false
            }
          ],
          "suites": [],
          "passes": [
            "ba9c9305-663f-40e5-ad07-9553e4a91597"
          ],
          "failures": [],
          "pending": [],
          "skipped": [],
          "duration": 748,
          "root": false,
          "rootEmpty": false,
          "_timeout": 2000
        },
        {
          "uuid": "e859b50e-fbed-4428-874c-281d53c1429a",
          "title": "Cypress.log",
          "fullFile": "",
          "file": "",
          "beforeHooks": [],
          "afterHooks": [],
          "tests": [
            {
              "title": "Control what is printed to the Command Log",
              "fullTitle": "Cypress.log Control what is printed to the Command Log",
              "timedOut": null,
              "duration": 768,
              "state": "passed",
              "speed": "fast",
              "pass": true,
              "fail": false,
              "pending": false,
              "context": null,
              "code": "// https://on.cypress.io/cypress-log",
              "err": {},
              "uuid": "7b2138ca-b408-4021-8fea-7e070b3865cd",
              "parentUUID": "e859b50e-fbed-4428-874c-281d53c1429a",
              "isHook": false,
              "skipped": false
            }
          ],
          "suites": [],
          "passes": [
            "7b2138ca-b408-4021-8fea-7e070b3865cd"
          ],
          "failures": [],
          "pending": [],
          "skipped": [],
          "duration": 768,
          "root": false,
          "rootEmpty": false,
          "_timeout": 2000
        },
        {
          "uuid": "a536539c-e392-4c9c-b089-89d5e5a55e89",
          "title": "Cypress.platform",
          "fullFile": "",
          "file": "",
          "beforeHooks": [],
          "afterHooks": [],
          "tests": [
            {
              "title": "Get underlying OS name",
              "fullTitle": "Cypress.platform Get underlying OS name",
              "timedOut": null,
              "duration": 792,
              "state": "passed",
              "speed": "fast",
              "pass": true,
              "fail": false,
              "pending": false,
              "context": null,
              "code": "// https://on.cypress.io/platform\nexpect(Cypress.platform).to.be.exist;",
              "err": {},
              "uuid": "5d6e103f-4dc0-4d55-b30e-04cf70b16949",
              "parentUUID": "a536539c-e392-4c9c-b089-89d5e5a55e89",
              "isHook": false,
              "skipped": false
            }
          ],
          "suites": [],
          "passes": [
            "5d6e103f-4dc0-4d55-b30e-04cf70b16949"
          ],
          "failures": [],
          "pending": [],
          "skipped": [],
          "duration": 792,
          "root": false,
          "rootEmpty": false,
          "_timeout": 2000
        },
        {
          "uuid": "9aa93480-2806-4896-93fe-b766634fca7c",
          "title": "Cypress.version",
          "fullFile": "",
          "file": "",
          "beforeHooks": [],
          "afterHooks": [],
          "tests": [
            {
              "title": "Get current version of Cypress being run",
              "fullTitle": "Cypress.version Get current version of Cypress being run",
              "timedOut": null,
              "duration": 783,
              "state": "passed",
              "speed": "fast",
              "pass": true,
              "fail": false,
              "pending": false,
              "context": null,
              "code": "// https://on.cypress.io/version\nexpect(Cypress.version).to.be.exist;",
              "err": {},
              "uuid": "2476fb51-bf3a-45d9-891e-3a93d521fa1d",
              "parentUUID": "9aa93480-2806-4896-93fe-b766634fca7c",
              "isHook": false,
              "skipped": false
            }
          ],
          "suites": [],
          "passes": [
            "2476fb51-bf3a-45d9-891e-3a93d521fa1d"
          ],
          "failures": [],
          "pending": [],
          "skipped": [],
          "duration": 783,
          "root": false,
          "rootEmpty": false,
          "_timeout": 2000
        },
        {
          "uuid": "9098823a-338f-41d6-8cd3-5fb11315cd9f",
          "title": "Cypress.spec",
          "fullFile": "",
          "file": "",
          "beforeHooks": [],
          "afterHooks": [],
          "tests": [
            {
              "title": "Get current spec information",
              "fullTitle": "Cypress.spec Get current spec information",
              "timedOut": null,
              "duration": 1017,
              "state": "passed",
              "speed": "fast",
              "pass": true,
              "fail": false,
              "pending": false,
              "context": null,
              "code": "// https://on.cypress.io/spec\n// wrap the object so we can inspect it easily by clicking in the command log\ncy.wrap(Cypress.spec).should(\"include.keys\", [\"name\", \"relative\", \"absolute\"]);",
              "err": {},
              "uuid": "da2ca54b-6fff-4eda-856c-5031a2edc56e",
              "parentUUID": "9098823a-338f-41d6-8cd3-5fb11315cd9f",
              "isHook": false,
              "skipped": false
            }
          ],
          "suites": [],
          "passes": [
            "da2ca54b-6fff-4eda-856c-5031a2edc56e"
          ],
          "failures": [],
          "pending": [],
          "skipped": [],
          "duration": 1017,
          "root": false,
          "rootEmpty": false,
          "_timeout": 2000
        }
      ],
      "passes": [],
      "failures": [],
      "pending": [],
      "skipped": [],
      "duration": 0,
      "root": true,
      "rootEmpty": true,
      "_timeout": 2000
    },
    {
      "uuid": "57627e93-fda4-424d-97eb-a42830b92654",
      "title": "",
      "fullFile": "cypress/e2e/2-advanced-examples/files.cy.js",
      "file": "cypress/e2e/2-advanced-examples/files.cy.js",
      "beforeHooks": [],
      "afterHooks": [],
      "tests": [],
      "suites": [
        {
          "uuid": "0bbc8253-71ec-4a49-b25a-e95820fbcf11",
          "title": "Files",
          "fullFile": "",
          "file": "",
          "beforeHooks": [],
          "afterHooks": [],
          "tests": [
            {
              "title": "cy.fixture() - load a fixture",
              "fullTitle": "Files cy.fixture() - load a fixture",
              "timedOut": null,
              "duration": 7227,
              "state": "passed",
              "speed": "medium",
              "pass": true,
              "fail": false,
              "pending": false,
              "context": null,
              "code": "// https://on.cypress.io/fixture\n// Instead of writing a response inline you can\n// use a fixture file's content.\n// when application makes an Ajax request matching \"GET **/comments/*\"\n// Cypress will intercept it and reply with the object in `example.json` fixture\ncy.intercept('GET', '**/comments/*', {\n  fixture: 'example.json'\n}).as('getComment'); // we have code that gets a comment when\n// the button is clicked in scripts.js\ncy.get('.fixture-btn').click();\ncy.wait('@getComment').its('response.body').should('have.property', 'name').and('include', 'Using fixtures to represent data');",
              "err": {},
              "uuid": "c75dee2d-c760-4270-8b26-1fd66ab1e53b",
              "parentUUID": "0bbc8253-71ec-4a49-b25a-e95820fbcf11",
              "isHook": false,
              "skipped": false
            },
            {
              "title": "cy.fixture() or require - load a fixture",
              "fullTitle": "Files cy.fixture() or require - load a fixture",
              "timedOut": null,
              "duration": 2078,
              "state": "passed",
              "speed": "fast",
              "pass": true,
              "fail": false,
              "pending": false,
              "context": null,
              "code": "// we are inside the \"function () { ... }\"\n// callback and can use test context object \"this\"\n// \"this.example\" was loaded in \"beforeEach\" function callback\nexpect(this.example, 'fixture in the test context').to.deep.equal(requiredExample); // or use \"cy.wrap\" and \"should('deep.equal', ...)\" assertion\ncy.wrap(this.example).should('deep.equal', requiredExample);",
              "err": {},
              "uuid": "c31382f0-983c-4218-95e7-7b474779f57d",
              "parentUUID": "0bbc8253-71ec-4a49-b25a-e95820fbcf11",
              "isHook": false,
              "skipped": false
            },
            {
              "title": "cy.readFile() - read file contents",
              "fullTitle": "Files cy.readFile() - read file contents",
              "timedOut": null,
              "duration": 997,
              "state": "passed",
              "speed": "fast",
              "pass": true,
              "fail": false,
              "pending": false,
              "context": null,
              "code": "// https://on.cypress.io/readfile\n// You can read a file and yield its contents\n// The filePath is relative to your project's root.\ncy.readFile(Cypress.config('configFile')).then(config => {\n  expect(config).to.be.an('string');\n});",
              "err": {},
              "uuid": "aeec6e17-5183-4aba-9f0e-e54237e0d8b8",
              "parentUUID": "0bbc8253-71ec-4a49-b25a-e95820fbcf11",
              "isHook": false,
              "skipped": false
            },
            {
              "title": "cy.writeFile() - write to a file",
              "fullTitle": "Files cy.writeFile() - write to a file",
              "timedOut": null,
              "duration": 2238,
              "state": "passed",
              "speed": "fast",
              "pass": true,
              "fail": false,
              "pending": false,
              "context": null,
              "code": "// https://on.cypress.io/writefile\n// You can write to a file\n// Use a response from a request to automatically\n// generate a fixture file for use later\ncy.request('https://jsonplaceholder.cypress.io/users').then(response => {\n  cy.writeFile('cypress/fixtures/users.json', response.body);\n});\ncy.fixture('users').should(users => {\n  expect(users[0].name).to.exist;\n}); // JavaScript arrays and objects are stringified\n// and formatted into text.\ncy.writeFile('cypress/fixtures/profile.json', {\n  id: 8739,\n  name: 'Jane',\n  email: 'jane@example.com'\n});\ncy.fixture('profile').should(profile => {\n  expect(profile.name).to.eq('Jane');\n});",
              "err": {},
              "uuid": "a19edb94-d2a1-464b-94f2-5ad19e61b11e",
              "parentUUID": "0bbc8253-71ec-4a49-b25a-e95820fbcf11",
              "isHook": false,
              "skipped": false
            }
          ],
          "suites": [],
          "passes": [
            "c75dee2d-c760-4270-8b26-1fd66ab1e53b",
            "c31382f0-983c-4218-95e7-7b474779f57d",
            "aeec6e17-5183-4aba-9f0e-e54237e0d8b8",
            "a19edb94-d2a1-464b-94f2-5ad19e61b11e"
          ],
          "failures": [],
          "pending": [],
          "skipped": [],
          "duration": 12540,
          "root": false,
          "rootEmpty": false,
          "_timeout": 2000
        }
      ],
      "passes": [],
      "failures": [],
      "pending": [],
      "skipped": [],
      "duration": 0,
      "root": true,
      "rootEmpty": true,
      "_timeout": 2000
    },
    {
      "uuid": "1feaf5e0-d638-4a58-9400-6a1e463b3fc6",
      "title": "",
      "fullFile": "cypress/e2e/2-advanced-examples/local_storage.cy.js",
      "file": "cypress/e2e/2-advanced-examples/local_storage.cy.js",
      "beforeHooks": [],
      "afterHooks": [],
      "tests": [],
      "suites": [
        {
          "uuid": "d8536c29-b47a-434e-b3d2-17a8901c5588",
          "title": "Local Storage",
          "fullFile": "",
          "file": "",
          "beforeHooks": [],
          "afterHooks": [],
          "tests": [
            {
              "title": "cy.clearLocalStorage() - clear all data in local storage",
              "fullTitle": "Local Storage cy.clearLocalStorage() - clear all data in local storage",
              "timedOut": null,
              "duration": 6682,
              "state": "passed",
              "speed": "medium",
              "pass": true,
              "fail": false,
              "pending": false,
              "context": null,
              "code": "// https://on.cypress.io/clearlocalstorage\ncy.get('.ls-btn').click().should(() => {\n  expect(localStorage.getItem('prop1')).to.eq('red');\n  expect(localStorage.getItem('prop2')).to.eq('blue');\n  expect(localStorage.getItem('prop3')).to.eq('magenta');\n}); // clearLocalStorage() yields the localStorage object\ncy.clearLocalStorage().should(ls => {\n  expect(ls.getItem('prop1')).to.be.null;\n  expect(ls.getItem('prop2')).to.be.null;\n  expect(ls.getItem('prop3')).to.be.null;\n});\ncy.get('.ls-btn').click().should(() => {\n  expect(localStorage.getItem('prop1')).to.eq('red');\n  expect(localStorage.getItem('prop2')).to.eq('blue');\n  expect(localStorage.getItem('prop3')).to.eq('magenta');\n}); // Clear key matching string in Local Storage\ncy.clearLocalStorage('prop1').should(ls => {\n  expect(ls.getItem('prop1')).to.be.null;\n  expect(ls.getItem('prop2')).to.eq('blue');\n  expect(ls.getItem('prop3')).to.eq('magenta');\n});\ncy.get('.ls-btn').click().should(() => {\n  expect(localStorage.getItem('prop1')).to.eq('red');\n  expect(localStorage.getItem('prop2')).to.eq('blue');\n  expect(localStorage.getItem('prop3')).to.eq('magenta');\n}); // Clear keys matching regex in Local Storage\ncy.clearLocalStorage(/prop1|2/).should(ls => {\n  expect(ls.getItem('prop1')).to.be.null;\n  expect(ls.getItem('prop2')).to.be.null;\n  expect(ls.getItem('prop3')).to.eq('magenta');\n});",
              "err": {},
              "uuid": "9522062e-15d3-44d7-b45d-d95464f68882",
              "parentUUID": "d8536c29-b47a-434e-b3d2-17a8901c5588",
              "isHook": false,
              "skipped": false
            }
          ],
          "suites": [],
          "passes": [
            "9522062e-15d3-44d7-b45d-d95464f68882"
          ],
          "failures": [],
          "pending": [],
          "skipped": [],
          "duration": 6682,
          "root": false,
          "rootEmpty": false,
          "_timeout": 2000
        }
      ],
      "passes": [],
      "failures": [],
      "pending": [],
      "skipped": [],
      "duration": 0,
      "root": true,
      "rootEmpty": true,
      "_timeout": 2000
    },
    {
      "uuid": "fc8d7228-c602-47d9-8210-0d2f741fcccb",
      "title": "",
      "fullFile": "cypress/e2e/2-advanced-examples/location.cy.js",
      "file": "cypress/e2e/2-advanced-examples/location.cy.js",
      "beforeHooks": [],
      "afterHooks": [],
      "tests": [],
      "suites": [
        {
          "uuid": "4ae62b5d-90ad-4355-bb5b-66288c460d4c",
          "title": "Location",
          "fullFile": "",
          "file": "",
          "beforeHooks": [],
          "afterHooks": [],
          "tests": [
            {
              "title": "cy.hash() - get the current URL hash",
              "fullTitle": "Location cy.hash() - get the current URL hash",
              "timedOut": null,
              "duration": 7357,
              "state": "passed",
              "speed": "medium",
              "pass": true,
              "fail": false,
              "pending": false,
              "context": null,
              "code": "// https://on.cypress.io/hash\ncy.hash().should('be.empty');",
              "err": {},
              "uuid": "a0668f37-822b-42f5-b0b4-e4a669fe8d4e",
              "parentUUID": "4ae62b5d-90ad-4355-bb5b-66288c460d4c",
[...]
              "duration": 792,
              "state": "passed",
              "speed": "fast",
              "pass": true,
              "fail": false,
              "pending": false,
              "context": null,
              "code": "// https://on.cypress.io/nextall\ncy.get('.traversal-next-all').contains('oranges').nextAll().should('have.length', 3);",
              "err": {},
              "uuid": "a37988a8-1a64-4646-8d9b-ca382fbcb332",
              "parentUUID": "45ae92de-37bb-41f6-ad98-5e696e5bbf17",
              "isHook": false,
              "skipped": false
            },
            {
              "title": ".nextUntil() - get next sibling DOM elements until next el",
              "fullTitle": "Traversal .nextUntil() - get next sibling DOM elements until next el",
              "timedOut": null,
              "duration": 887,
              "state": "passed",
              "speed": "fast",
              "pass": true,
              "fail": false,
              "pending": false,
              "context": null,
              "code": "// https://on.cypress.io/nextuntil\ncy.get('#veggies').nextUntil('#nuts').should('have.length', 3);",
              "err": {},
              "uuid": "4bcb52ed-69ab-4eab-accf-d0483f25dba0",
              "parentUUID": "45ae92de-37bb-41f6-ad98-5e696e5bbf17",
              "isHook": false,
              "skipped": false
            },
            {
              "title": ".not() - remove DOM elements from set of DOM elements",
              "fullTitle": "Traversal .not() - remove DOM elements from set of DOM elements",
              "timedOut": null,
              "duration": 681,
              "state": "passed",
              "speed": "fast",
              "pass": true,
              "fail": false,
              "pending": false,
              "context": null,
              "code": "// https://on.cypress.io/not\ncy.get('.traversal-disabled .btn').not('[disabled]').should('not.contain', 'Disabled');",
              "err": {},
              "uuid": "fe09b676-c0ab-4723-9352-2b96e7a34846",
              "parentUUID": "45ae92de-37bb-41f6-ad98-5e696e5bbf17",
              "isHook": false,
              "skipped": false
            },
            {
              "title": ".parent() - get parent DOM element from DOM elements",
              "fullTitle": "Traversal .parent() - get parent DOM element from DOM elements",
              "timedOut": null,
              "duration": 907,
              "state": "passed",
              "speed": "fast",
              "pass": true,
              "fail": false,
              "pending": false,
              "context": null,
              "code": "// https://on.cypress.io/parent\ncy.get('.traversal-mark').parent().should('contain', 'Morbi leo risus');",
              "err": {},
              "uuid": "96f5e194-7b8e-4ed9-96b9-721a5b4ba19b",
              "parentUUID": "45ae92de-37bb-41f6-ad98-5e696e5bbf17",
              "isHook": false,
              "skipped": false
            },
            {
              "title": ".parents() - get parent DOM elements from DOM elements",
              "fullTitle": "Traversal .parents() - get parent DOM elements from DOM elements",
              "timedOut": null,
              "duration": 1109,
              "state": "passed",
              "speed": "fast",
              "pass": true,
              "fail": false,
              "pending": false,
              "context": null,
              "code": "// https://on.cypress.io/parents\ncy.get('.traversal-cite').parents().should('match', 'blockquote');",
              "err": {},
              "uuid": "ad4ccb08-57e5-4b81-8d38-1b096bb8ea21",
              "parentUUID": "45ae92de-37bb-41f6-ad98-5e696e5bbf17",
              "isHook": false,
              "skipped": false
            },
            {
              "title": ".parentsUntil() - get parent DOM elements from DOM elements until el",
              "fullTitle": "Traversal .parentsUntil() - get parent DOM elements from DOM elements until el",
              "timedOut": null,
              "duration": 653,
              "state": "passed",
              "speed": "fast",
              "pass": true,
              "fail": false,
              "pending": false,
              "context": null,
              "code": "// https://on.cypress.io/parentsuntil\ncy.get('.clothes-nav').find('.active').parentsUntil('.clothes-nav').should('have.length', 2);",
              "err": {},
              "uuid": "0ef3c684-3bcf-4bcd-8a2f-848801f471ff",
              "parentUUID": "45ae92de-37bb-41f6-ad98-5e696e5bbf17",
              "isHook": false,
              "skipped": false
            },
            {
              "title": ".prev() - get previous sibling DOM element",
              "fullTitle": "Traversal .prev() - get previous sibling DOM element",
              "timedOut": null,
              "duration": 793,
              "state": "passed",
              "speed": "fast",
              "pass": true,
              "fail": false,
              "pending": false,
              "context": null,
              "code": "// https://on.cypress.io/prev\ncy.get('.birds').find('.active').prev().should('contain', 'Lorikeets');",
              "err": {},
              "uuid": "33782562-8b36-4c93-ab68-fdfa6a89e345",
              "parentUUID": "45ae92de-37bb-41f6-ad98-5e696e5bbf17",
              "isHook": false,
              "skipped": false
            },
            {
              "title": ".prevAll() - get all previous sibling DOM elements",
              "fullTitle": "Traversal .prevAll() - get all previous sibling DOM elements",
              "timedOut": null,
              "duration": 882,
              "state": "passed",
              "speed": "fast",
              "pass": true,
              "fail": false,
              "pending": false,
              "context": null,
              "code": "// https://on.cypress.io/prevall\ncy.get('.fruits-list').find('.third').prevAll().should('have.length', 2);",
              "err": {},
              "uuid": "d49233ad-53b1-44f6-bd8a-58df4dfef756",
              "parentUUID": "45ae92de-37bb-41f6-ad98-5e696e5bbf17",
              "isHook": false,
              "skipped": false
            },
            {
              "title": ".prevUntil() - get all previous sibling DOM elements until el",
              "fullTitle": "Traversal .prevUntil() - get all previous sibling DOM elements until el",
              "timedOut": null,
              "duration": 777,
              "state": "passed",
              "speed": "fast",
              "pass": true,
              "fail": false,
              "pending": false,
              "context": null,
              "code": "// https://on.cypress.io/prevuntil\ncy.get('.foods-list').find('#nuts').prevUntil('#veggies').should('have.length', 3);",
              "err": {},
              "uuid": "745c64c0-a4c2-4390-bfd0-4b02cc121ae6",
              "parentUUID": "45ae92de-37bb-41f6-ad98-5e696e5bbf17",
              "isHook": false,
              "skipped": false
            },
            {
              "title": ".siblings() - get all sibling DOM elements",
              "fullTitle": "Traversal .siblings() - get all sibling DOM elements",
              "timedOut": null,
              "duration": 656,
              "state": "passed",
              "speed": "fast",
              "pass": true,
              "fail": false,
              "pending": false,
              "context": null,
              "code": "// https://on.cypress.io/siblings\ncy.get('.traversal-pills .active').siblings().should('have.length', 2);",
              "err": {},
              "uuid": "6cc49d46-181d-43fa-91bf-16805f8fd5e0",
              "parentUUID": "45ae92de-37bb-41f6-ad98-5e696e5bbf17",
              "isHook": false,
              "skipped": false
            }
          ],
          "suites": [],
          "passes": [
            "24ec6bbf-881a-4150-8003-8d1ed9725b99",
            "555d6ab4-2602-4bdf-8911-0fa2ae884b69",
            "66db75c6-b10d-4eaf-9dff-fcd1638b724b",
            "2f9c3361-024f-46dc-9d08-24d11907cbf6",
            "2ba37ea6-1fc0-45d0-a7a4-ee2475371305",
            "9d9a3e2c-da2b-49a2-8598-dcf44550b0b7",
            "3dd45f12-455a-4156-b66a-eec47792c4e6",
            "efef66fa-eed4-42af-87cf-7f519955b50d",
            "a37988a8-1a64-4646-8d9b-ca382fbcb332",
            "4bcb52ed-69ab-4eab-accf-d0483f25dba0",
            "fe09b676-c0ab-4723-9352-2b96e7a34846",
            "96f5e194-7b8e-4ed9-96b9-721a5b4ba19b",
            "ad4ccb08-57e5-4b81-8d38-1b096bb8ea21",
            "0ef3c684-3bcf-4bcd-8a2f-848801f471ff",
            "33782562-8b36-4c93-ab68-fdfa6a89e345",
            "d49233ad-53b1-44f6-bd8a-58df4dfef756",
            "745c64c0-a4c2-4390-bfd0-4b02cc121ae6",
            "6cc49d46-181d-43fa-91bf-16805f8fd5e0"
          ],
          "failures": [],
          "pending": [],
          "skipped": [],
          "duration": 20495,
          "root": false,
          "rootEmpty": false,
          "_timeout": 2000
        }
      ],
      "passes": [],
      "failures": [],
      "pending": [],
      "skipped": [],
      "duration": 0,
      "root": true,
      "rootEmpty": true,
      "_timeout": 2000
    },
    {
      "uuid": "a4f96ae6-0521-43fa-be03-82cbf4a8a588",
      "title": "",
      "fullFile": "cypress/e2e/2-advanced-examples/utilities.cy.js",
      "file": "cypress/e2e/2-advanced-examples/utilities.cy.js",
      "beforeHooks": [],
      "afterHooks": [],
      "tests": [],
      "suites": [
        {
          "uuid": "c3407a23-4a5c-4be9-874c-5d213dec979f",
          "title": "Utilities",
          "fullFile": "",
          "file": "",
          "beforeHooks": [],
          "afterHooks": [],
          "tests": [
            {
              "title": "Cypress._ - call a lodash method",
              "fullTitle": "Utilities Cypress._ - call a lodash method",
              "timedOut": null,
              "duration": 3608,
              "state": "passed",
              "speed": "fast",
              "pass": true,
              "fail": false,
              "pending": false,
              "context": null,
              "code": "// https://on.cypress.io/_\ncy.request('https://jsonplaceholder.cypress.io/users').then(response => {\n  let ids = Cypress._.chain(response.body).map('id').take(3).value();\n  expect(ids).to.deep.eq([1, 2, 3]);\n});",
              "err": {},
              "uuid": "26116e80-5067-48cf-be1d-d179e39288e0",
              "parentUUID": "c3407a23-4a5c-4be9-874c-5d213dec979f",
              "isHook": false,
              "skipped": false
            },
            {
              "title": "Cypress.$ - call a jQuery method",
              "fullTitle": "Utilities Cypress.$ - call a jQuery method",
              "timedOut": null,
              "duration": 1033,
              "state": "passed",
              "speed": "fast",
              "pass": true,
              "fail": false,
              "pending": false,
              "context": null,
              "code": "// https://on.cypress.io/$\nlet $li = Cypress.$('.utility-jquery li:first');\ncy.wrap($li).should('not.have.class', 'active').click().should('have.class', 'active');",
              "err": {},
              "uuid": "03a54f2c-4b54-4e5e-9137-5c96b4b082a8",
              "parentUUID": "c3407a23-4a5c-4be9-874c-5d213dec979f",
              "isHook": false,
              "skipped": false
            },
            {
              "title": "Cypress.Blob - blob utilities and base64 string conversion",
              "fullTitle": "Utilities Cypress.Blob - blob utilities and base64 string conversion",
              "timedOut": null,
              "duration": 1788,
              "state": "passed",
              "speed": "fast",
              "pass": true,
              "fail": false,
              "pending": false,
              "context": null,
              "code": "// https://on.cypress.io/blob\ncy.get('.utility-blob').then($div => {\n  // https://github.com/nolanlawson/blob-util#imgSrcToDataURL\n  // get the dataUrl string for the javascript-logo\n  return Cypress.Blob.imgSrcToDataURL('https://example.cypress.io/assets/img/javascript-logo.png', undefined, 'anonymous').then(dataUrl => {\n    // create an <img> element and set its src to the dataUrl\n    let img = Cypress.$('<img />', {\n      src: dataUrl\n    }); // need to explicitly return cy here since we are initially returning\n    // the Cypress.Blob.imgSrcToDataURL promise to our test\n    // append the image\n    $div.append(img);\n    cy.get('.utility-blob img').click().should('have.attr', 'src', dataUrl);\n  });\n});",
              "err": {},
              "uuid": "7a4c5bbc-f590-419a-9ff6-eb32a0fc1e98",
              "parentUUID": "c3407a23-4a5c-4be9-874c-5d213dec979f",
              "isHook": false,
              "skipped": false
            },
            {
              "title": "Cypress.minimatch - test out glob patterns against strings",
              "fullTitle": "Utilities Cypress.minimatch - test out glob patterns against strings",
              "timedOut": null,
              "duration": 707,
              "state": "passed",
              "speed": "fast",
              "pass": true,
              "fail": false,
              "pending": false,
              "context": null,
              "code": "// https://on.cypress.io/minimatch\nlet matching = Cypress.minimatch('/users/1/comments', '/users/*/comments', {\n  matchBase: true\n});\nexpect(matching, 'matching wildcard').to.be.true;\nmatching = Cypress.minimatch('/users/1/comments/2', '/users/*/comments', {\n  matchBase: true\n});\nexpect(matching, 'comments').to.be.false; // ** matches against all downstream path segments\nmatching = Cypress.minimatch('/foo/bar/baz/123/quux?a=b&c=2', '/foo/**', {\n  matchBase: true\n});\nexpect(matching, 'comments').to.be.true; // whereas * matches only the next path segment\nmatching = Cypress.minimatch('/foo/bar/baz/123/quux?a=b&c=2', '/foo/*', {\n  matchBase: false\n});\nexpect(matching, 'comments').to.be.false;",
              "err": {},
              "uuid": "8fa91051-e3af-499e-938d-605393874899",
              "parentUUID": "c3407a23-4a5c-4be9-874c-5d213dec979f",
              "isHook": false,
              "skipped": false
            },
            {
              "title": "Cypress.Promise - instantiate a bluebird promise",
              "fullTitle": "Utilities Cypress.Promise - instantiate a bluebird promise",
              "timedOut": null,
              "duration": 1753,
              "state": "passed",
              "speed": "fast",
              "pass": true,
              "fail": false,
              "pending": false,
              "context": null,
              "code": "// https://on.cypress.io/promise\nlet waited = false;\n/**\n * @return Bluebird<string>\n */\nfunction waitOneSecond() {\n  // return a promise that resolves after 1 second\n  return new Cypress.Promise((resolve, reject) => {\n    setTimeout(() => {\n      // set waited to true\n      waited = true; // resolve with 'foo' string\n      resolve('foo');\n    }, 1000);\n  });\n}\ncy.then(() => {\n  // return a promise to cy.then() that\n  // is awaited until it resolves\n  return waitOneSecond().then(str => {\n    expect(str).to.eq('foo');\n    expect(waited).to.be.true;\n  });\n});",
              "err": {},
              "uuid": "0f4cd156-9cf0-4a50-a540-1ee75be164f7",
              "parentUUID": "c3407a23-4a5c-4be9-874c-5d213dec979f",
              "isHook": false,
              "skipped": false
            }
          ],
          "suites": [],
          "passes": [
            "26116e80-5067-48cf-be1d-d179e39288e0",
            "03a54f2c-4b54-4e5e-9137-5c96b4b082a8",
            "7a4c5bbc-f590-419a-9ff6-eb32a0fc1e98",
            "8fa91051-e3af-499e-938d-605393874899",
            "0f4cd156-9cf0-4a50-a540-1ee75be164f7"
          ],
          "failures": [],
          "pending": [],
          "skipped": [],
          "duration": 8889,
          "root": false,
          "rootEmpty": false,
          "_timeout": 2000
        }
      ],
      "passes": [],
      "failures": [],
      "pending": [],
      "skipped": [],
      "duration": 0,
      "root": true,
      "rootEmpty": true,
      "_timeout": 2000
    },
    {
      "uuid": "eccd7f61-9ef4-46af-96ad-35ca5c68fd7b",
      "title": "",
      "fullFile": "cypress/e2e/2-advanced-examples/viewport.cy.js",
      "file": "cypress/e2e/2-advanced-examples/viewport.cy.js",
      "beforeHooks": [],
      "afterHooks": [],
      "tests": [],
      "suites": [
        {
          "uuid": "ad879e03-1496-4c25-ac48-44343f11b064",
          "title": "Viewport",
          "fullFile": "",
          "file": "",
          "beforeHooks": [],
          "afterHooks": [],
          "tests": [
            {
              "title": "cy.viewport() - set the viewport size and dimension",
              "fullTitle": "Viewport cy.viewport() - set the viewport size and dimension",
              "timedOut": null,
              "duration": 6131,
              "state": "passed",
              "speed": "medium",
              "pass": true,
              "fail": false,
              "pending": false,
              "context": null,
              "code": "// https://on.cypress.io/viewport\ncy.get('#navbar').should('be.visible');\ncy.viewport(320, 480); // the navbar should have collapse since our screen is smaller\ncy.get('#navbar').should('not.be.visible');\ncy.get('.navbar-toggle').should('be.visible').click();\ncy.get('.nav').find('a').should('be.visible'); // lets see what our app looks like on a super large screen\ncy.viewport(2999, 2999); // cy.viewport() accepts a set of preset sizes\n// to easily set the screen to a device's width and height\n// We added a cy.wait() between each viewport change so you can see\n// the change otherwise it is a little too fast to see :)\ncy.viewport('macbook-15');\ncy.wait(200);\ncy.viewport('macbook-13');\ncy.wait(200);\ncy.viewport('macbook-11');\ncy.wait(200);\ncy.viewport('ipad-2');\ncy.wait(200);\ncy.viewport('ipad-mini');\ncy.wait(200);\ncy.viewport('iphone-6+');\ncy.wait(200);\ncy.viewport('iphone-6');\ncy.wait(200);\ncy.viewport('iphone-5');\ncy.wait(200);\ncy.viewport('iphone-4');\ncy.wait(200);\ncy.viewport('iphone-3');\ncy.wait(200); // cy.viewport() accepts an orientation for all presets\n// the default orientation is 'portrait'\ncy.viewport('ipad-2', 'portrait');\ncy.wait(200);\ncy.viewport('iphone-4', 'landscape');\ncy.wait(200); // The viewport will be reset back to the default dimensions\n// in between tests (the  default can be set in cypress.config.{js|ts})",
              "err": {},
              "uuid": "ac9db092-fc92-41b4-a0d0-2253c1f6308f",
              "parentUUID": "ad879e03-1496-4c25-ac48-44343f11b064",
              "isHook": false,
              "skipped": false
            }
          ],
          "suites": [],
          "passes": [
            "ac9db092-fc92-41b4-a0d0-2253c1f6308f"
          ],
          "failures": [],
          "pending": [],
          "skipped": [],
          "duration": 6131,
          "root": false,
          "rootEmpty": false,
          "_timeout": 2000
        }
      ],
      "passes": [],
      "failures": [],
      "pending": [],
      "skipped": [],
      "duration": 0,
      "root": true,
      "rootEmpty": true,
      "_timeout": 2000
    }
  ],
  "meta": {
    "mocha": {
      "version": "7.0.1"
    },
    "mochawesome": {
      "options": {
        "quiet": false,
        "reportFilename": "[status]-[datetime]-[name]-report",
        "saveHtml": true,
        "saveJson": true,
        "consoleReporter": "spec",
        "useInlineDiffs": false,
        "code": true
      },
      "version": "7.1.3"
    },
    "marge": {
      "options": {
        "reportDir": "cypress/reports/mocha",
        "reportFilename": "[status]-[datetime]-[name]-report",
        "overwrite": false,
        "html": true,
        "json": true
      },
      "version": "6.2.0"
    }
  }
}